29-May-2016 13:14:49.581 INFO [main] org.apache.catalina.startup.VersionLoggerListener.log Server version:        Apache Tomcat/8.0.33
29-May-2016 13:14:49.583 INFO [main] org.apache.catalina.startup.VersionLoggerListener.log Server built:          Mar 18 2016 20:31:49 UTC
29-May-2016 13:14:49.583 INFO [main] org.apache.catalina.startup.VersionLoggerListener.log Server number:         8.0.33.0
29-May-2016 13:14:49.583 INFO [main] org.apache.catalina.startup.VersionLoggerListener.log OS Name:               Linux
29-May-2016 13:14:49.583 INFO [main] org.apache.catalina.startup.VersionLoggerListener.log OS Version:            4.2.0-27-generic
29-May-2016 13:14:49.583 INFO [main] org.apache.catalina.startup.VersionLoggerListener.log Architecture:          amd64
29-May-2016 13:14:49.583 INFO [main] org.apache.catalina.startup.VersionLoggerListener.log Java Home:             /usr/local/java/jdk1.8.0_73/jre
29-May-2016 13:14:49.584 INFO [main] org.apache.catalina.startup.VersionLoggerListener.log JVM Version:           1.8.0_73-b02
29-May-2016 13:14:49.584 INFO [main] org.apache.catalina.startup.VersionLoggerListener.log JVM Vendor:            Oracle Corporation
29-May-2016 13:14:49.584 INFO [main] org.apache.catalina.startup.VersionLoggerListener.log CATALINA_BASE:         /home/alwaysqq/IdeaProjects/arc1/apache-tomcat-8.0.33
29-May-2016 13:14:49.584 INFO [main] org.apache.catalina.startup.VersionLoggerListener.log CATALINA_HOME:         /home/alwaysqq/IdeaProjects/arc1/apache-tomcat-8.0.33
29-May-2016 13:14:49.584 INFO [main] org.apache.catalina.startup.VersionLoggerListener.log Command line argument: -Djava.util.logging.config.file=/home/alwaysqq/IdeaProjects/arc1/apache-tomcat-8.0.33/conf/logging.properties
29-May-2016 13:14:49.584 INFO [main] org.apache.catalina.startup.VersionLoggerListener.log Command line argument: -Djava.util.logging.manager=org.apache.juli.ClassLoaderLogManager
29-May-2016 13:14:49.584 INFO [main] org.apache.catalina.startup.VersionLoggerListener.log Command line argument: -Djava.endorsed.dirs=/home/alwaysqq/IdeaProjects/arc1/apache-tomcat-8.0.33/endorsed
29-May-2016 13:14:49.584 INFO [main] org.apache.catalina.startup.VersionLoggerListener.log Command line argument: -Dcatalina.base=/home/alwaysqq/IdeaProjects/arc1/apache-tomcat-8.0.33
29-May-2016 13:14:49.585 INFO [main] org.apache.catalina.startup.VersionLoggerListener.log Command line argument: -Dcatalina.home=/home/alwaysqq/IdeaProjects/arc1/apache-tomcat-8.0.33
29-May-2016 13:14:49.585 INFO [main] org.apache.catalina.startup.VersionLoggerListener.log Command line argument: -Djava.io.tmpdir=/home/alwaysqq/IdeaProjects/arc1/apache-tomcat-8.0.33/temp
29-May-2016 13:14:49.585 INFO [main] org.apache.catalina.core.AprLifecycleListener.lifecycleEvent The APR based Apache Tomcat Native library which allows optimal performance in production environments was not found on the java.library.path: /usr/java/packages/lib/amd64:/usr/lib64:/lib64:/lib:/usr/lib
29-May-2016 13:14:49.743 INFO [main] org.apache.coyote.AbstractProtocol.init Initializing ProtocolHandler ["http-nio-80"]
29-May-2016 13:14:49.756 INFO [main] org.apache.tomcat.util.net.NioSelectorPool.getSharedSelector Using a shared selector for servlet write/read
29-May-2016 13:14:49.759 INFO [main] org.apache.coyote.AbstractProtocol.init Initializing ProtocolHandler ["ajp-nio-8009"]
29-May-2016 13:14:49.761 INFO [main] org.apache.tomcat.util.net.NioSelectorPool.getSharedSelector Using a shared selector for servlet write/read
29-May-2016 13:14:49.761 INFO [main] org.apache.catalina.startup.Catalina.load Initialization processed in 570 ms
29-May-2016 13:14:49.778 INFO [main] org.apache.catalina.core.StandardService.startInternal Starting service Catalina
29-May-2016 13:14:49.778 INFO [main] org.apache.catalina.core.StandardEngine.startInternal Starting Servlet Engine: Apache Tomcat/8.0.33
29-May-2016 13:14:50.103 INFO [main] org.apache.coyote.AbstractProtocol.start Starting ProtocolHandler ["http-nio-80"]
29-May-2016 13:14:50.108 INFO [main] org.apache.coyote.AbstractProtocol.start Starting ProtocolHandler ["ajp-nio-8009"]
29-May-2016 13:14:50.130 INFO [main] org.apache.catalina.startup.Catalina.start Server startup in 368 ms
