30-Apr-2016 01:58:45.266 INFO [main] org.apache.catalina.startup.VersionLoggerListener.log Server version:        Apache Tomcat/8.0.33
30-Apr-2016 01:58:45.268 INFO [main] org.apache.catalina.startup.VersionLoggerListener.log Server built:          Mar 18 2016 20:31:49 UTC
30-Apr-2016 01:58:45.268 INFO [main] org.apache.catalina.startup.VersionLoggerListener.log Server number:         8.0.33.0
30-Apr-2016 01:58:45.268 INFO [main] org.apache.catalina.startup.VersionLoggerListener.log OS Name:               Linux
30-Apr-2016 01:58:45.268 INFO [main] org.apache.catalina.startup.VersionLoggerListener.log OS Version:            4.2.0-27-generic
30-Apr-2016 01:58:45.268 INFO [main] org.apache.catalina.startup.VersionLoggerListener.log Architecture:          amd64
30-Apr-2016 01:58:45.268 INFO [main] org.apache.catalina.startup.VersionLoggerListener.log Java Home:             /usr/local/java/jdk1.8.0_73/jre
30-Apr-2016 01:58:45.268 INFO [main] org.apache.catalina.startup.VersionLoggerListener.log JVM Version:           1.8.0_73-b02
30-Apr-2016 01:58:45.268 INFO [main] org.apache.catalina.startup.VersionLoggerListener.log JVM Vendor:            Oracle Corporation
30-Apr-2016 01:58:45.268 INFO [main] org.apache.catalina.startup.VersionLoggerListener.log CATALINA_BASE:         /home/alwaysqq/IdeaProjects/arc1/apache-tomcat-8.0.33
30-Apr-2016 01:58:45.268 INFO [main] org.apache.catalina.startup.VersionLoggerListener.log CATALINA_HOME:         /home/alwaysqq/IdeaProjects/arc1/apache-tomcat-8.0.33
30-Apr-2016 01:58:45.269 INFO [main] org.apache.catalina.startup.VersionLoggerListener.log Command line argument: -Djava.util.logging.config.file=/home/alwaysqq/IdeaProjects/arc1/apache-tomcat-8.0.33/conf/logging.properties
30-Apr-2016 01:58:45.269 INFO [main] org.apache.catalina.startup.VersionLoggerListener.log Command line argument: -Djava.util.logging.manager=org.apache.juli.ClassLoaderLogManager
30-Apr-2016 01:58:45.269 INFO [main] org.apache.catalina.startup.VersionLoggerListener.log Command line argument: -Djava.endorsed.dirs=/home/alwaysqq/IdeaProjects/arc1/apache-tomcat-8.0.33/endorsed
30-Apr-2016 01:58:45.269 INFO [main] org.apache.catalina.startup.VersionLoggerListener.log Command line argument: -Dcatalina.base=/home/alwaysqq/IdeaProjects/arc1/apache-tomcat-8.0.33
30-Apr-2016 01:58:45.269 INFO [main] org.apache.catalina.startup.VersionLoggerListener.log Command line argument: -Dcatalina.home=/home/alwaysqq/IdeaProjects/arc1/apache-tomcat-8.0.33
30-Apr-2016 01:58:45.269 INFO [main] org.apache.catalina.startup.VersionLoggerListener.log Command line argument: -Djava.io.tmpdir=/home/alwaysqq/IdeaProjects/arc1/apache-tomcat-8.0.33/temp
30-Apr-2016 01:58:45.269 INFO [main] org.apache.catalina.core.AprLifecycleListener.lifecycleEvent The APR based Apache Tomcat Native library which allows optimal performance in production environments was not found on the java.library.path: /usr/java/packages/lib/amd64:/usr/lib64:/lib64:/lib:/usr/lib
30-Apr-2016 01:58:45.377 INFO [main] org.apache.coyote.AbstractProtocol.init Initializing ProtocolHandler ["http-nio-80"]
30-Apr-2016 01:58:45.387 SEVERE [main] org.apache.coyote.AbstractProtocol.init Failed to initialize end point associated with ProtocolHandler ["http-nio-80"]
 java.net.BindException: Address already in use
	at sun.nio.ch.Net.bind0(Native Method)
	at sun.nio.ch.Net.bind(Net.java:433)
	at sun.nio.ch.Net.bind(Net.java:425)
	at sun.nio.ch.ServerSocketChannelImpl.bind(ServerSocketChannelImpl.java:223)
	at sun.nio.ch.ServerSocketAdaptor.bind(ServerSocketAdaptor.java:74)
	at org.apache.tomcat.util.net.NioEndpoint.bind(NioEndpoint.java:340)
	at org.apache.tomcat.util.net.AbstractEndpoint.init(AbstractEndpoint.java:750)
	at org.apache.coyote.AbstractProtocol.init(AbstractProtocol.java:458)
	at org.apache.coyote.http11.AbstractHttp11JsseProtocol.init(AbstractHttp11JsseProtocol.java:120)
	at org.apache.catalina.connector.Connector.initInternal(Connector.java:960)
	at org.apache.catalina.util.LifecycleBase.init(LifecycleBase.java:102)
	at org.apache.catalina.core.StandardService.initInternal(StandardService.java:568)
	at org.apache.catalina.util.LifecycleBase.init(LifecycleBase.java:102)
	at org.apache.catalina.core.StandardServer.initInternal(StandardServer.java:869)
	at org.apache.catalina.util.LifecycleBase.init(LifecycleBase.java:102)
	at org.apache.catalina.startup.Catalina.load(Catalina.java:580)
	at org.apache.catalina.startup.Catalina.load(Catalina.java:603)
	at sun.reflect.NativeMethodAccessorImpl.invoke0(Native Method)
	at sun.reflect.NativeMethodAccessorImpl.invoke(NativeMethodAccessorImpl.java:62)
	at sun.reflect.DelegatingMethodAccessorImpl.invoke(DelegatingMethodAccessorImpl.java:43)
	at java.lang.reflect.Method.invoke(Method.java:497)
	at org.apache.catalina.startup.Bootstrap.load(Bootstrap.java:310)
	at org.apache.catalina.startup.Bootstrap.main(Bootstrap.java:484)

30-Apr-2016 01:58:45.388 SEVERE [main] org.apache.catalina.core.StandardService.initInternal Failed to initialize connector [Connector[HTTP/1.1-80]]
 org.apache.catalina.LifecycleException: Failed to initialize component [Connector[HTTP/1.1-80]]
	at org.apache.catalina.util.LifecycleBase.init(LifecycleBase.java:106)
	at org.apache.catalina.core.StandardService.initInternal(StandardService.java:568)
	at org.apache.catalina.util.LifecycleBase.init(LifecycleBase.java:102)
	at org.apache.catalina.core.StandardServer.initInternal(StandardServer.java:869)
	at org.apache.catalina.util.LifecycleBase.init(LifecycleBase.java:102)
	at org.apache.catalina.startup.Catalina.load(Catalina.java:580)
	at org.apache.catalina.startup.Catalina.load(Catalina.java:603)
	at sun.reflect.NativeMethodAccessorImpl.invoke0(Native Method)
	at sun.reflect.NativeMethodAccessorImpl.invoke(NativeMethodAccessorImpl.java:62)
	at sun.reflect.DelegatingMethodAccessorImpl.invoke(DelegatingMethodAccessorImpl.java:43)
	at java.lang.reflect.Method.invoke(Method.java:497)
	at org.apache.catalina.startup.Bootstrap.load(Bootstrap.java:310)
	at org.apache.catalina.startup.Bootstrap.main(Bootstrap.java:484)
Caused by: org.apache.catalina.LifecycleException: Protocol handler initialization failed
	at org.apache.catalina.connector.Connector.initInternal(Connector.java:962)
	at org.apache.catalina.util.LifecycleBase.init(LifecycleBase.java:102)
	... 12 more
Caused by: java.net.BindException: Address already in use
	at sun.nio.ch.Net.bind0(Native Method)
	at sun.nio.ch.Net.bind(Net.java:433)
	at sun.nio.ch.Net.bind(Net.java:425)
	at sun.nio.ch.ServerSocketChannelImpl.bind(ServerSocketChannelImpl.java:223)
	at sun.nio.ch.ServerSocketAdaptor.bind(ServerSocketAdaptor.java:74)
	at org.apache.tomcat.util.net.NioEndpoint.bind(NioEndpoint.java:340)
	at org.apache.tomcat.util.net.AbstractEndpoint.init(AbstractEndpoint.java:750)
	at org.apache.coyote.AbstractProtocol.init(AbstractProtocol.java:458)
	at org.apache.coyote.http11.AbstractHttp11JsseProtocol.init(AbstractHttp11JsseProtocol.java:120)
	at org.apache.catalina.connector.Connector.initInternal(Connector.java:960)
	... 13 more

30-Apr-2016 01:58:45.389 INFO [main] org.apache.coyote.AbstractProtocol.init Initializing ProtocolHandler ["ajp-nio-8009"]
30-Apr-2016 01:58:45.390 SEVERE [main] org.apache.coyote.AbstractProtocol.init Failed to initialize end point associated with ProtocolHandler ["ajp-nio-8009"]
 java.net.BindException: Address already in use
	at sun.nio.ch.Net.bind0(Native Method)
	at sun.nio.ch.Net.bind(Net.java:433)
	at sun.nio.ch.Net.bind(Net.java:425)
	at sun.nio.ch.ServerSocketChannelImpl.bind(ServerSocketChannelImpl.java:223)
	at sun.nio.ch.ServerSocketAdaptor.bind(ServerSocketAdaptor.java:74)
	at org.apache.tomcat.util.net.NioEndpoint.bind(NioEndpoint.java:340)
	at org.apache.tomcat.util.net.AbstractEndpoint.init(AbstractEndpoint.java:750)
	at org.apache.coyote.AbstractProtocol.init(AbstractProtocol.java:458)
	at org.apache.catalina.connector.Connector.initInternal(Connector.java:960)
	at org.apache.catalina.util.LifecycleBase.init(LifecycleBase.java:102)
	at org.apache.catalina.core.StandardService.initInternal(StandardService.java:568)
	at org.apache.catalina.util.LifecycleBase.init(LifecycleBase.java:102)
	at org.apache.catalina.core.StandardServer.initInternal(StandardServer.java:869)
	at org.apache.catalina.util.LifecycleBase.init(LifecycleBase.java:102)
	at org.apache.catalina.startup.Catalina.load(Catalina.java:580)
	at org.apache.catalina.startup.Catalina.load(Catalina.java:603)
	at sun.reflect.NativeMethodAccessorImpl.invoke0(Native Method)
	at sun.reflect.NativeMethodAccessorImpl.invoke(NativeMethodAccessorImpl.java:62)
	at sun.reflect.DelegatingMethodAccessorImpl.invoke(DelegatingMethodAccessorImpl.java:43)
	at java.lang.reflect.Method.invoke(Method.java:497)
	at org.apache.catalina.startup.Bootstrap.load(Bootstrap.java:310)
	at org.apache.catalina.startup.Bootstrap.main(Bootstrap.java:484)

30-Apr-2016 01:58:45.390 SEVERE [main] org.apache.catalina.core.StandardService.initInternal Failed to initialize connector [Connector[AJP/1.3-8009]]
 org.apache.catalina.LifecycleException: Failed to initialize component [Connector[AJP/1.3-8009]]
	at org.apache.catalina.util.LifecycleBase.init(LifecycleBase.java:106)
	at org.apache.catalina.core.StandardService.initInternal(StandardService.java:568)
	at org.apache.catalina.util.LifecycleBase.init(LifecycleBase.java:102)
	at org.apache.catalina.core.StandardServer.initInternal(StandardServer.java:869)
	at org.apache.catalina.util.LifecycleBase.init(LifecycleBase.java:102)
	at org.apache.catalina.startup.Catalina.load(Catalina.java:580)
	at org.apache.catalina.startup.Catalina.load(Catalina.java:603)
	at sun.reflect.NativeMethodAccessorImpl.invoke0(Native Method)
	at sun.reflect.NativeMethodAccessorImpl.invoke(NativeMethodAccessorImpl.java:62)
	at sun.reflect.DelegatingMethodAccessorImpl.invoke(DelegatingMethodAccessorImpl.java:43)
	at java.lang.reflect.Method.invoke(Method.java:497)
	at org.apache.catalina.startup.Bootstrap.load(Bootstrap.java:310)
	at org.apache.catalina.startup.Bootstrap.main(Bootstrap.java:484)
Caused by: org.apache.catalina.LifecycleException: Protocol handler initialization failed
	at org.apache.catalina.connector.Connector.initInternal(Connector.java:962)
	at org.apache.catalina.util.LifecycleBase.init(LifecycleBase.java:102)
	... 12 more
Caused by: java.net.BindException: Address already in use
	at sun.nio.ch.Net.bind0(Native Method)
	at sun.nio.ch.Net.bind(Net.java:433)
	at sun.nio.ch.Net.bind(Net.java:425)
	at sun.nio.ch.ServerSocketChannelImpl.bind(ServerSocketChannelImpl.java:223)
	at sun.nio.ch.ServerSocketAdaptor.bind(ServerSocketAdaptor.java:74)
	at org.apache.tomcat.util.net.NioEndpoint.bind(NioEndpoint.java:340)
	at org.apache.tomcat.util.net.AbstractEndpoint.init(AbstractEndpoint.java:750)
	at org.apache.coyote.AbstractProtocol.init(AbstractProtocol.java:458)
	at org.apache.catalina.connector.Connector.initInternal(Connector.java:960)
	... 13 more

30-Apr-2016 01:58:45.390 INFO [main] org.apache.catalina.startup.Catalina.load Initialization processed in 403 ms
30-Apr-2016 01:58:45.405 INFO [main] org.apache.catalina.core.StandardService.startInternal Starting service Catalina
30-Apr-2016 01:58:45.406 INFO [main] org.apache.catalina.core.StandardEngine.startInternal Starting Servlet Engine: Apache Tomcat/8.0.33
30-Apr-2016 01:58:45.412 INFO [main] org.apache.catalina.startup.Catalina.start Server startup in 21 ms
30-Apr-2016 01:58:45.413 SEVERE [main] org.apache.catalina.core.StandardServer.await StandardServer.await: create[localhost:8005]: 
 java.net.BindException: Address already in use
	at java.net.PlainSocketImpl.socketBind(Native Method)
	at java.net.AbstractPlainSocketImpl.bind(AbstractPlainSocketImpl.java:387)
	at java.net.ServerSocket.bind(ServerSocket.java:375)
	at java.net.ServerSocket.<init>(ServerSocket.java:237)
	at org.apache.catalina.core.StandardServer.await(StandardServer.java:438)
	at org.apache.catalina.startup.Catalina.await(Catalina.java:717)
	at org.apache.catalina.startup.Catalina.start(Catalina.java:663)
	at sun.reflect.NativeMethodAccessorImpl.invoke0(Native Method)
	at sun.reflect.NativeMethodAccessorImpl.invoke(NativeMethodAccessorImpl.java:62)
	at sun.reflect.DelegatingMethodAccessorImpl.invoke(DelegatingMethodAccessorImpl.java:43)
	at java.lang.reflect.Method.invoke(Method.java:497)
	at org.apache.catalina.startup.Bootstrap.start(Bootstrap.java:351)
	at org.apache.catalina.startup.Bootstrap.main(Bootstrap.java:485)

30-Apr-2016 01:58:45.413 INFO [main] org.apache.coyote.AbstractProtocol.pause Pausing ProtocolHandler ["http-nio-80"]
30-Apr-2016 01:58:45.413 INFO [main] org.apache.coyote.AbstractProtocol.pause Pausing ProtocolHandler ["ajp-nio-8009"]
30-Apr-2016 01:58:45.413 INFO [main] org.apache.catalina.core.StandardService.stopInternal Stopping service Catalina
30-Apr-2016 01:58:45.414 INFO [main] org.apache.coyote.AbstractProtocol.stop Stopping ProtocolHandler ["http-nio-80"]
30-Apr-2016 01:58:45.414 INFO [main] org.apache.coyote.AbstractProtocol.destroy Destroying ProtocolHandler ["http-nio-80"]
30-Apr-2016 01:58:45.415 INFO [main] org.apache.coyote.AbstractProtocol.stop Stopping ProtocolHandler ["ajp-nio-8009"]
30-Apr-2016 01:58:45.415 INFO [main] org.apache.coyote.AbstractProtocol.destroy Destroying ProtocolHandler ["ajp-nio-8009"]
30-Apr-2016 02:01:58.027 INFO [main] org.apache.catalina.startup.VersionLoggerListener.log Server version:        Apache Tomcat/8.0.33
30-Apr-2016 02:01:58.028 INFO [main] org.apache.catalina.startup.VersionLoggerListener.log Server built:          Mar 18 2016 20:31:49 UTC
30-Apr-2016 02:01:58.028 INFO [main] org.apache.catalina.startup.VersionLoggerListener.log Server number:         8.0.33.0
30-Apr-2016 02:01:58.028 INFO [main] org.apache.catalina.startup.VersionLoggerListener.log OS Name:               Linux
30-Apr-2016 02:01:58.028 INFO [main] org.apache.catalina.startup.VersionLoggerListener.log OS Version:            4.2.0-27-generic
30-Apr-2016 02:01:58.028 INFO [main] org.apache.catalina.startup.VersionLoggerListener.log Architecture:          amd64
30-Apr-2016 02:01:58.028 INFO [main] org.apache.catalina.startup.VersionLoggerListener.log Java Home:             /usr/local/java/jdk1.8.0_73/jre
30-Apr-2016 02:01:58.029 INFO [main] org.apache.catalina.startup.VersionLoggerListener.log JVM Version:           1.8.0_73-b02
30-Apr-2016 02:01:58.029 INFO [main] org.apache.catalina.startup.VersionLoggerListener.log JVM Vendor:            Oracle Corporation
30-Apr-2016 02:01:58.029 INFO [main] org.apache.catalina.startup.VersionLoggerListener.log CATALINA_BASE:         /home/alwaysqq/IdeaProjects/arc1/apache-tomcat-8.0.33
30-Apr-2016 02:01:58.029 INFO [main] org.apache.catalina.startup.VersionLoggerListener.log CATALINA_HOME:         /home/alwaysqq/IdeaProjects/arc1/apache-tomcat-8.0.33
30-Apr-2016 02:01:58.029 INFO [main] org.apache.catalina.startup.VersionLoggerListener.log Command line argument: -Djava.util.logging.config.file=/home/alwaysqq/IdeaProjects/arc1/apache-tomcat-8.0.33/conf/logging.properties
30-Apr-2016 02:01:58.029 INFO [main] org.apache.catalina.startup.VersionLoggerListener.log Command line argument: -Djava.util.logging.manager=org.apache.juli.ClassLoaderLogManager
30-Apr-2016 02:01:58.029 INFO [main] org.apache.catalina.startup.VersionLoggerListener.log Command line argument: -Djava.endorsed.dirs=/home/alwaysqq/IdeaProjects/arc1/apache-tomcat-8.0.33/endorsed
30-Apr-2016 02:01:58.029 INFO [main] org.apache.catalina.startup.VersionLoggerListener.log Command line argument: -Dcatalina.base=/home/alwaysqq/IdeaProjects/arc1/apache-tomcat-8.0.33
30-Apr-2016 02:01:58.029 INFO [main] org.apache.catalina.startup.VersionLoggerListener.log Command line argument: -Dcatalina.home=/home/alwaysqq/IdeaProjects/arc1/apache-tomcat-8.0.33
30-Apr-2016 02:01:58.029 INFO [main] org.apache.catalina.startup.VersionLoggerListener.log Command line argument: -Djava.io.tmpdir=/home/alwaysqq/IdeaProjects/arc1/apache-tomcat-8.0.33/temp
30-Apr-2016 02:01:58.030 INFO [main] org.apache.catalina.core.AprLifecycleListener.lifecycleEvent The APR based Apache Tomcat Native library which allows optimal performance in production environments was not found on the java.library.path: /usr/java/packages/lib/amd64:/usr/lib64:/lib64:/lib:/usr/lib
30-Apr-2016 02:01:58.151 INFO [main] org.apache.coyote.AbstractProtocol.init Initializing ProtocolHandler ["http-nio-80"]
30-Apr-2016 02:01:58.162 INFO [main] org.apache.tomcat.util.net.NioSelectorPool.getSharedSelector Using a shared selector for servlet write/read
30-Apr-2016 02:01:58.163 INFO [main] org.apache.coyote.AbstractProtocol.init Initializing ProtocolHandler ["ajp-nio-8009"]
30-Apr-2016 02:01:58.165 INFO [main] org.apache.tomcat.util.net.NioSelectorPool.getSharedSelector Using a shared selector for servlet write/read
30-Apr-2016 02:01:58.165 INFO [main] org.apache.catalina.startup.Catalina.load Initialization processed in 434 ms
30-Apr-2016 02:01:58.181 INFO [main] org.apache.catalina.core.StandardService.startInternal Starting service Catalina
30-Apr-2016 02:01:58.182 INFO [main] org.apache.catalina.core.StandardEngine.startInternal Starting Servlet Engine: Apache Tomcat/8.0.33
30-Apr-2016 02:01:58.188 INFO [main] org.apache.coyote.AbstractProtocol.start Starting ProtocolHandler ["http-nio-80"]
30-Apr-2016 02:01:58.192 INFO [main] org.apache.coyote.AbstractProtocol.start Starting ProtocolHandler ["ajp-nio-8009"]
30-Apr-2016 02:01:58.205 INFO [main] org.apache.catalina.startup.Catalina.start Server startup in 40 ms
30-Apr-2016 02:08:10.363 INFO [main] org.apache.catalina.core.StandardServer.await A valid shutdown command was received via the shutdown port. Stopping the Server instance.
30-Apr-2016 02:08:10.363 INFO [main] org.apache.coyote.AbstractProtocol.pause Pausing ProtocolHandler ["http-nio-80"]
30-Apr-2016 02:08:10.416 INFO [main] org.apache.coyote.AbstractProtocol.pause Pausing ProtocolHandler ["ajp-nio-8009"]
30-Apr-2016 02:08:10.467 INFO [main] org.apache.catalina.core.StandardService.stopInternal Stopping service Catalina
30-Apr-2016 02:08:10.468 INFO [main] org.apache.coyote.AbstractProtocol.stop Stopping ProtocolHandler ["http-nio-80"]
30-Apr-2016 02:08:10.470 INFO [main] org.apache.coyote.AbstractProtocol.stop Stopping ProtocolHandler ["ajp-nio-8009"]
30-Apr-2016 02:08:10.471 INFO [main] org.apache.coyote.AbstractProtocol.destroy Destroying ProtocolHandler ["http-nio-80"]
30-Apr-2016 02:08:10.472 INFO [main] org.apache.coyote.AbstractProtocol.destroy Destroying ProtocolHandler ["ajp-nio-8009"]
30-Apr-2016 15:32:33.006 INFO [main] org.apache.catalina.startup.VersionLoggerListener.log Server version:        Apache Tomcat/8.0.33
30-Apr-2016 15:32:33.007 INFO [main] org.apache.catalina.startup.VersionLoggerListener.log Server built:          Mar 18 2016 20:31:49 UTC
30-Apr-2016 15:32:33.007 INFO [main] org.apache.catalina.startup.VersionLoggerListener.log Server number:         8.0.33.0
30-Apr-2016 15:32:33.007 INFO [main] org.apache.catalina.startup.VersionLoggerListener.log OS Name:               Linux
30-Apr-2016 15:32:33.007 INFO [main] org.apache.catalina.startup.VersionLoggerListener.log OS Version:            4.2.0-27-generic
30-Apr-2016 15:32:33.008 INFO [main] org.apache.catalina.startup.VersionLoggerListener.log Architecture:          amd64
30-Apr-2016 15:32:33.008 INFO [main] org.apache.catalina.startup.VersionLoggerListener.log Java Home:             /usr/local/java/jdk1.8.0_73/jre
30-Apr-2016 15:32:33.008 INFO [main] org.apache.catalina.startup.VersionLoggerListener.log JVM Version:           1.8.0_73-b02
30-Apr-2016 15:32:33.008 INFO [main] org.apache.catalina.startup.VersionLoggerListener.log JVM Vendor:            Oracle Corporation
30-Apr-2016 15:32:33.008 INFO [main] org.apache.catalina.startup.VersionLoggerListener.log CATALINA_BASE:         /home/alwaysqq/IdeaProjects/arc1/apache-tomcat-8.0.33
30-Apr-2016 15:32:33.008 INFO [main] org.apache.catalina.startup.VersionLoggerListener.log CATALINA_HOME:         /home/alwaysqq/IdeaProjects/arc1/apache-tomcat-8.0.33
30-Apr-2016 15:32:33.008 INFO [main] org.apache.catalina.startup.VersionLoggerListener.log Command line argument: -Djava.util.logging.config.file=/home/alwaysqq/IdeaProjects/arc1/apache-tomcat-8.0.33/conf/logging.properties
30-Apr-2016 15:32:33.008 INFO [main] org.apache.catalina.startup.VersionLoggerListener.log Command line argument: -Djava.util.logging.manager=org.apache.juli.ClassLoaderLogManager
30-Apr-2016 15:32:33.009 INFO [main] org.apache.catalina.startup.VersionLoggerListener.log Command line argument: -Djava.endorsed.dirs=/home/alwaysqq/IdeaProjects/arc1/apache-tomcat-8.0.33/endorsed
30-Apr-2016 15:32:33.009 INFO [main] org.apache.catalina.startup.VersionLoggerListener.log Command line argument: -Dcatalina.base=/home/alwaysqq/IdeaProjects/arc1/apache-tomcat-8.0.33
30-Apr-2016 15:32:33.009 INFO [main] org.apache.catalina.startup.VersionLoggerListener.log Command line argument: -Dcatalina.home=/home/alwaysqq/IdeaProjects/arc1/apache-tomcat-8.0.33
30-Apr-2016 15:32:33.009 INFO [main] org.apache.catalina.startup.VersionLoggerListener.log Command line argument: -Djava.io.tmpdir=/home/alwaysqq/IdeaProjects/arc1/apache-tomcat-8.0.33/temp
30-Apr-2016 15:32:33.009 INFO [main] org.apache.catalina.core.AprLifecycleListener.lifecycleEvent The APR based Apache Tomcat Native library which allows optimal performance in production environments was not found on the java.library.path: /usr/java/packages/lib/amd64:/usr/lib64:/lib64:/lib:/usr/lib
30-Apr-2016 15:32:33.161 INFO [main] org.apache.coyote.AbstractProtocol.init Initializing ProtocolHandler ["http-nio-80"]
30-Apr-2016 15:32:33.173 INFO [main] org.apache.tomcat.util.net.NioSelectorPool.getSharedSelector Using a shared selector for servlet write/read
30-Apr-2016 15:32:33.175 INFO [main] org.apache.coyote.AbstractProtocol.init Initializing ProtocolHandler ["ajp-nio-8009"]
30-Apr-2016 15:32:33.177 INFO [main] org.apache.tomcat.util.net.NioSelectorPool.getSharedSelector Using a shared selector for servlet write/read
30-Apr-2016 15:32:33.177 INFO [main] org.apache.catalina.startup.Catalina.load Initialization processed in 557 ms
30-Apr-2016 15:32:33.196 INFO [main] org.apache.catalina.core.StandardService.startInternal Starting service Catalina
30-Apr-2016 15:32:33.197 INFO [main] org.apache.catalina.core.StandardEngine.startInternal Starting Servlet Engine: Apache Tomcat/8.0.33
30-Apr-2016 15:32:33.397 INFO [main] org.apache.coyote.AbstractProtocol.start Starting ProtocolHandler ["http-nio-80"]
30-Apr-2016 15:32:33.401 INFO [main] org.apache.coyote.AbstractProtocol.start Starting ProtocolHandler ["ajp-nio-8009"]
30-Apr-2016 15:32:33.427 INFO [main] org.apache.catalina.startup.Catalina.start Server startup in 249 ms
30-Apr-2016 18:09:13.910 INFO [ContainerBackgroundProcessor[StandardEngine[Catalina]]] org.apache.catalina.core.StandardContext.reload Reloading Context with name [] has started
30-Apr-2016 18:09:13.987 INFO [ContainerBackgroundProcessor[StandardEngine[Catalina]]] org.apache.catalina.core.StandardContext.reload Reloading Context with name [] is completed
30-Apr-2016 18:09:43.800 INFO [main] org.apache.catalina.core.StandardServer.await A valid shutdown command was received via the shutdown port. Stopping the Server instance.
30-Apr-2016 18:09:43.801 INFO [main] org.apache.coyote.AbstractProtocol.pause Pausing ProtocolHandler ["http-nio-80"]
30-Apr-2016 18:09:43.854 INFO [main] org.apache.coyote.AbstractProtocol.pause Pausing ProtocolHandler ["ajp-nio-8009"]
30-Apr-2016 18:09:43.905 INFO [main] org.apache.catalina.core.StandardService.stopInternal Stopping service Catalina
30-Apr-2016 18:09:43.914 INFO [main] org.apache.coyote.AbstractProtocol.stop Stopping ProtocolHandler ["http-nio-80"]
30-Apr-2016 18:09:43.916 INFO [main] org.apache.coyote.AbstractProtocol.stop Stopping ProtocolHandler ["ajp-nio-8009"]
30-Apr-2016 18:09:43.917 INFO [main] org.apache.coyote.AbstractProtocol.destroy Destroying ProtocolHandler ["http-nio-80"]
30-Apr-2016 18:09:43.918 INFO [main] org.apache.coyote.AbstractProtocol.destroy Destroying ProtocolHandler ["ajp-nio-8009"]
30-Apr-2016 18:10:48.058 INFO [main] org.apache.catalina.startup.VersionLoggerListener.log Server version:        Apache Tomcat/8.0.33
30-Apr-2016 18:10:48.059 INFO [main] org.apache.catalina.startup.VersionLoggerListener.log Server built:          Mar 18 2016 20:31:49 UTC
30-Apr-2016 18:10:48.059 INFO [main] org.apache.catalina.startup.VersionLoggerListener.log Server number:         8.0.33.0
30-Apr-2016 18:10:48.059 INFO [main] org.apache.catalina.startup.VersionLoggerListener.log OS Name:               Linux
30-Apr-2016 18:10:48.059 INFO [main] org.apache.catalina.startup.VersionLoggerListener.log OS Version:            4.2.0-27-generic
30-Apr-2016 18:10:48.059 INFO [main] org.apache.catalina.startup.VersionLoggerListener.log Architecture:          amd64
30-Apr-2016 18:10:48.059 INFO [main] org.apache.catalina.startup.VersionLoggerListener.log Java Home:             /usr/local/java/jdk1.8.0_73/jre
30-Apr-2016 18:10:48.059 INFO [main] org.apache.catalina.startup.VersionLoggerListener.log JVM Version:           1.8.0_73-b02
30-Apr-2016 18:10:48.059 INFO [main] org.apache.catalina.startup.VersionLoggerListener.log JVM Vendor:            Oracle Corporation
30-Apr-2016 18:10:48.060 INFO [main] org.apache.catalina.startup.VersionLoggerListener.log CATALINA_BASE:         /home/alwaysqq/IdeaProjects/arc1/apache-tomcat-8.0.33
30-Apr-2016 18:10:48.060 INFO [main] org.apache.catalina.startup.VersionLoggerListener.log CATALINA_HOME:         /home/alwaysqq/IdeaProjects/arc1/apache-tomcat-8.0.33
30-Apr-2016 18:10:48.060 INFO [main] org.apache.catalina.startup.VersionLoggerListener.log Command line argument: -Djava.util.logging.config.file=/home/alwaysqq/IdeaProjects/arc1/apache-tomcat-8.0.33/conf/logging.properties
30-Apr-2016 18:10:48.060 INFO [main] org.apache.catalina.startup.VersionLoggerListener.log Command line argument: -Djava.util.logging.manager=org.apache.juli.ClassLoaderLogManager
30-Apr-2016 18:10:48.060 INFO [main] org.apache.catalina.startup.VersionLoggerListener.log Command line argument: -Djava.endorsed.dirs=/home/alwaysqq/IdeaProjects/arc1/apache-tomcat-8.0.33/endorsed
30-Apr-2016 18:10:48.060 INFO [main] org.apache.catalina.startup.VersionLoggerListener.log Command line argument: -Dcatalina.base=/home/alwaysqq/IdeaProjects/arc1/apache-tomcat-8.0.33
30-Apr-2016 18:10:48.060 INFO [main] org.apache.catalina.startup.VersionLoggerListener.log Command line argument: -Dcatalina.home=/home/alwaysqq/IdeaProjects/arc1/apache-tomcat-8.0.33
30-Apr-2016 18:10:48.060 INFO [main] org.apache.catalina.startup.VersionLoggerListener.log Command line argument: -Djava.io.tmpdir=/home/alwaysqq/IdeaProjects/arc1/apache-tomcat-8.0.33/temp
30-Apr-2016 18:10:48.060 INFO [main] org.apache.catalina.core.AprLifecycleListener.lifecycleEvent The APR based Apache Tomcat Native library which allows optimal performance in production environments was not found on the java.library.path: /usr/java/packages/lib/amd64:/usr/lib64:/lib64:/lib:/usr/lib
30-Apr-2016 18:10:48.418 INFO [main] org.apache.coyote.AbstractProtocol.init Initializing ProtocolHandler ["http-nio-80"]
30-Apr-2016 18:10:48.517 INFO [main] org.apache.tomcat.util.net.NioSelectorPool.getSharedSelector Using a shared selector for servlet write/read
30-Apr-2016 18:10:48.520 INFO [main] org.apache.coyote.AbstractProtocol.init Initializing ProtocolHandler ["ajp-nio-8009"]
30-Apr-2016 18:10:48.521 INFO [main] org.apache.tomcat.util.net.NioSelectorPool.getSharedSelector Using a shared selector for servlet write/read
30-Apr-2016 18:10:48.521 INFO [main] org.apache.catalina.startup.Catalina.load Initialization processed in 1031 ms
30-Apr-2016 18:10:48.555 INFO [main] org.apache.catalina.core.StandardService.startInternal Starting service Catalina
30-Apr-2016 18:10:48.555 INFO [main] org.apache.catalina.core.StandardEngine.startInternal Starting Servlet Engine: Apache Tomcat/8.0.33
30-Apr-2016 18:10:49.106 INFO [main] org.apache.coyote.AbstractProtocol.start Starting ProtocolHandler ["http-nio-80"]
30-Apr-2016 18:10:49.111 INFO [main] org.apache.coyote.AbstractProtocol.start Starting ProtocolHandler ["ajp-nio-8009"]
30-Apr-2016 18:10:49.122 INFO [main] org.apache.catalina.startup.Catalina.start Server startup in 600 ms
30-Apr-2016 18:20:59.156 INFO [ContainerBackgroundProcessor[StandardEngine[Catalina]]] org.apache.catalina.core.StandardContext.reload Reloading Context with name [] has started
30-Apr-2016 18:20:59.192 INFO [ContainerBackgroundProcessor[StandardEngine[Catalina]]] org.apache.catalina.core.StandardContext.reload Reloading Context with name [] is completed
30-Apr-2016 18:21:19.194 INFO [ContainerBackgroundProcessor[StandardEngine[Catalina]]] org.apache.catalina.core.StandardContext.reload Reloading Context with name [] has started
30-Apr-2016 18:21:19.226 INFO [ContainerBackgroundProcessor[StandardEngine[Catalina]]] org.apache.catalina.core.StandardContext.reload Reloading Context with name [] is completed
30-Apr-2016 18:21:39.228 INFO [ContainerBackgroundProcessor[StandardEngine[Catalina]]] org.apache.catalina.core.StandardContext.reload Reloading Context with name [] has started
30-Apr-2016 18:21:39.258 INFO [ContainerBackgroundProcessor[StandardEngine[Catalina]]] org.apache.catalina.core.StandardContext.reload Reloading Context with name [] is completed
30-Apr-2016 18:25:29.343 INFO [ContainerBackgroundProcessor[StandardEngine[Catalina]]] org.apache.catalina.core.StandardContext.reload Reloading Context with name [] has started
30-Apr-2016 18:25:29.369 INFO [ContainerBackgroundProcessor[StandardEngine[Catalina]]] org.apache.catalina.core.StandardContext.reload Reloading Context with name [] is completed
30-Apr-2016 19:02:19.518 INFO [ContainerBackgroundProcessor[StandardEngine[Catalina]]] org.apache.catalina.core.StandardContext.reload Reloading Context with name [] has started
30-Apr-2016 19:02:19.550 INFO [ContainerBackgroundProcessor[StandardEngine[Catalina]]] org.apache.catalina.core.StandardContext.reload Reloading Context with name [] is completed
30-Apr-2016 19:03:09.553 INFO [ContainerBackgroundProcessor[StandardEngine[Catalina]]] org.apache.catalina.core.StandardContext.reload Reloading Context with name [] has started
30-Apr-2016 19:03:09.587 INFO [ContainerBackgroundProcessor[StandardEngine[Catalina]]] org.apache.catalina.core.StandardContext.reload Reloading Context with name [] is completed
30-Apr-2016 19:03:19.587 INFO [ContainerBackgroundProcessor[StandardEngine[Catalina]]] org.apache.catalina.core.StandardContext.reload Reloading Context with name [] has started
30-Apr-2016 19:03:19.603 INFO [ContainerBackgroundProcessor[StandardEngine[Catalina]]] org.apache.catalina.core.StandardContext.reload Reloading Context with name [] is completed
30-Apr-2016 19:04:09.607 INFO [ContainerBackgroundProcessor[StandardEngine[Catalina]]] org.apache.catalina.core.StandardContext.reload Reloading Context with name [] has started
30-Apr-2016 19:04:09.630 INFO [ContainerBackgroundProcessor[StandardEngine[Catalina]]] org.apache.catalina.core.StandardContext.reload Reloading Context with name [] is completed
30-Apr-2016 19:04:59.633 INFO [ContainerBackgroundProcessor[StandardEngine[Catalina]]] org.apache.catalina.core.StandardContext.reload Reloading Context with name [] has started
30-Apr-2016 19:04:59.655 INFO [ContainerBackgroundProcessor[StandardEngine[Catalina]]] org.apache.catalina.core.StandardContext.reload Reloading Context with name [] is completed
30-Apr-2016 19:05:39.658 INFO [ContainerBackgroundProcessor[StandardEngine[Catalina]]] org.apache.catalina.core.StandardContext.reload Reloading Context with name [] has started
30-Apr-2016 19:05:39.679 INFO [ContainerBackgroundProcessor[StandardEngine[Catalina]]] org.apache.catalina.core.StandardContext.reload Reloading Context with name [] is completed
