20-May-2016 01:13:12.807 INFO [main] org.apache.catalina.startup.VersionLoggerListener.log Server version:        Apache Tomcat/8.0.33
20-May-2016 01:13:12.808 INFO [main] org.apache.catalina.startup.VersionLoggerListener.log Server built:          Mar 18 2016 20:31:49 UTC
20-May-2016 01:13:12.808 INFO [main] org.apache.catalina.startup.VersionLoggerListener.log Server number:         8.0.33.0
20-May-2016 01:13:12.808 INFO [main] org.apache.catalina.startup.VersionLoggerListener.log OS Name:               Linux
20-May-2016 01:13:12.808 INFO [main] org.apache.catalina.startup.VersionLoggerListener.log OS Version:            4.2.0-27-generic
20-May-2016 01:13:12.808 INFO [main] org.apache.catalina.startup.VersionLoggerListener.log Architecture:          amd64
20-May-2016 01:13:12.808 INFO [main] org.apache.catalina.startup.VersionLoggerListener.log Java Home:             /usr/local/java/jdk1.8.0_73/jre
20-May-2016 01:13:12.808 INFO [main] org.apache.catalina.startup.VersionLoggerListener.log JVM Version:           1.8.0_73-b02
20-May-2016 01:13:12.808 INFO [main] org.apache.catalina.startup.VersionLoggerListener.log JVM Vendor:            Oracle Corporation
20-May-2016 01:13:12.809 INFO [main] org.apache.catalina.startup.VersionLoggerListener.log CATALINA_BASE:         /home/alwaysqq/IdeaProjects/arc1/apache-tomcat-8.0.33
20-May-2016 01:13:12.809 INFO [main] org.apache.catalina.startup.VersionLoggerListener.log CATALINA_HOME:         /home/alwaysqq/IdeaProjects/arc1/apache-tomcat-8.0.33
20-May-2016 01:13:12.809 INFO [main] org.apache.catalina.startup.VersionLoggerListener.log Command line argument: -Djava.util.logging.config.file=/home/alwaysqq/IdeaProjects/arc1/apache-tomcat-8.0.33/conf/logging.properties
20-May-2016 01:13:12.809 INFO [main] org.apache.catalina.startup.VersionLoggerListener.log Command line argument: -Djava.util.logging.manager=org.apache.juli.ClassLoaderLogManager
20-May-2016 01:13:12.809 INFO [main] org.apache.catalina.startup.VersionLoggerListener.log Command line argument: -Djava.endorsed.dirs=/home/alwaysqq/IdeaProjects/arc1/apache-tomcat-8.0.33/endorsed
20-May-2016 01:13:12.809 INFO [main] org.apache.catalina.startup.VersionLoggerListener.log Command line argument: -Dcatalina.base=/home/alwaysqq/IdeaProjects/arc1/apache-tomcat-8.0.33
20-May-2016 01:13:12.809 INFO [main] org.apache.catalina.startup.VersionLoggerListener.log Command line argument: -Dcatalina.home=/home/alwaysqq/IdeaProjects/arc1/apache-tomcat-8.0.33
20-May-2016 01:13:12.809 INFO [main] org.apache.catalina.startup.VersionLoggerListener.log Command line argument: -Djava.io.tmpdir=/home/alwaysqq/IdeaProjects/arc1/apache-tomcat-8.0.33/temp
20-May-2016 01:13:12.809 INFO [main] org.apache.catalina.core.AprLifecycleListener.lifecycleEvent The APR based Apache Tomcat Native library which allows optimal performance in production environments was not found on the java.library.path: /usr/java/packages/lib/amd64:/usr/lib64:/lib64:/lib:/usr/lib
20-May-2016 01:13:12.928 INFO [main] org.apache.coyote.AbstractProtocol.init Initializing ProtocolHandler ["http-nio-80"]
20-May-2016 01:13:12.946 INFO [main] org.apache.tomcat.util.net.NioSelectorPool.getSharedSelector Using a shared selector for servlet write/read
20-May-2016 01:13:12.949 INFO [main] org.apache.coyote.AbstractProtocol.init Initializing ProtocolHandler ["ajp-nio-8009"]
20-May-2016 01:13:12.951 INFO [main] org.apache.tomcat.util.net.NioSelectorPool.getSharedSelector Using a shared selector for servlet write/read
20-May-2016 01:13:12.951 INFO [main] org.apache.catalina.startup.Catalina.load Initialization processed in 453 ms
20-May-2016 01:13:12.972 INFO [main] org.apache.catalina.core.StandardService.startInternal Starting service Catalina
20-May-2016 01:13:12.972 INFO [main] org.apache.catalina.core.StandardEngine.startInternal Starting Servlet Engine: Apache Tomcat/8.0.33
20-May-2016 01:13:13.191 INFO [main] org.apache.coyote.AbstractProtocol.start Starting ProtocolHandler ["http-nio-80"]
20-May-2016 01:13:13.195 INFO [main] org.apache.coyote.AbstractProtocol.start Starting ProtocolHandler ["ajp-nio-8009"]
20-May-2016 01:13:13.202 INFO [main] org.apache.catalina.startup.Catalina.start Server startup in 250 ms
20-May-2016 01:14:03.197 INFO [ContainerBackgroundProcessor[StandardEngine[Catalina]]] org.apache.catalina.core.StandardContext.reload Reloading Context with name [] has started
20-May-2016 01:14:03.245 INFO [ContainerBackgroundProcessor[StandardEngine[Catalina]]] org.apache.catalina.core.StandardContext.reload Reloading Context with name [] is completed
20-May-2016 01:14:05.127 INFO [main] org.apache.catalina.core.StandardServer.await A valid shutdown command was received via the shutdown port. Stopping the Server instance.
20-May-2016 01:14:05.128 INFO [main] org.apache.coyote.AbstractProtocol.pause Pausing ProtocolHandler ["http-nio-80"]
20-May-2016 01:14:05.180 INFO [main] org.apache.coyote.AbstractProtocol.pause Pausing ProtocolHandler ["ajp-nio-8009"]
20-May-2016 01:14:05.230 INFO [main] org.apache.catalina.core.StandardService.stopInternal Stopping service Catalina
20-May-2016 01:14:05.244 INFO [main] org.apache.coyote.AbstractProtocol.stop Stopping ProtocolHandler ["http-nio-80"]
20-May-2016 01:14:05.338 INFO [main] org.apache.coyote.AbstractProtocol.stop Stopping ProtocolHandler ["ajp-nio-8009"]
20-May-2016 01:14:05.347 INFO [main] org.apache.coyote.AbstractProtocol.destroy Destroying ProtocolHandler ["http-nio-80"]
20-May-2016 01:14:05.348 INFO [main] org.apache.coyote.AbstractProtocol.destroy Destroying ProtocolHandler ["ajp-nio-8009"]
20-May-2016 01:14:06.873 INFO [main] org.apache.catalina.startup.VersionLoggerListener.log Server version:        Apache Tomcat/8.0.33
20-May-2016 01:14:06.874 INFO [main] org.apache.catalina.startup.VersionLoggerListener.log Server built:          Mar 18 2016 20:31:49 UTC
20-May-2016 01:14:06.874 INFO [main] org.apache.catalina.startup.VersionLoggerListener.log Server number:         8.0.33.0
20-May-2016 01:14:06.875 INFO [main] org.apache.catalina.startup.VersionLoggerListener.log OS Name:               Linux
20-May-2016 01:14:06.875 INFO [main] org.apache.catalina.startup.VersionLoggerListener.log OS Version:            4.2.0-27-generic
20-May-2016 01:14:06.875 INFO [main] org.apache.catalina.startup.VersionLoggerListener.log Architecture:          amd64
20-May-2016 01:14:06.875 INFO [main] org.apache.catalina.startup.VersionLoggerListener.log Java Home:             /usr/local/java/jdk1.8.0_73/jre
20-May-2016 01:14:06.875 INFO [main] org.apache.catalina.startup.VersionLoggerListener.log JVM Version:           1.8.0_73-b02
20-May-2016 01:14:06.875 INFO [main] org.apache.catalina.startup.VersionLoggerListener.log JVM Vendor:            Oracle Corporation
20-May-2016 01:14:06.875 INFO [main] org.apache.catalina.startup.VersionLoggerListener.log CATALINA_BASE:         /home/alwaysqq/IdeaProjects/arc1/apache-tomcat-8.0.33
20-May-2016 01:14:06.875 INFO [main] org.apache.catalina.startup.VersionLoggerListener.log CATALINA_HOME:         /home/alwaysqq/IdeaProjects/arc1/apache-tomcat-8.0.33
20-May-2016 01:14:06.875 INFO [main] org.apache.catalina.startup.VersionLoggerListener.log Command line argument: -Djava.util.logging.config.file=/home/alwaysqq/IdeaProjects/arc1/apache-tomcat-8.0.33/conf/logging.properties
20-May-2016 01:14:06.875 INFO [main] org.apache.catalina.startup.VersionLoggerListener.log Command line argument: -Djava.util.logging.manager=org.apache.juli.ClassLoaderLogManager
20-May-2016 01:14:06.875 INFO [main] org.apache.catalina.startup.VersionLoggerListener.log Command line argument: -Djava.endorsed.dirs=/home/alwaysqq/IdeaProjects/arc1/apache-tomcat-8.0.33/endorsed
20-May-2016 01:14:06.876 INFO [main] org.apache.catalina.startup.VersionLoggerListener.log Command line argument: -Dcatalina.base=/home/alwaysqq/IdeaProjects/arc1/apache-tomcat-8.0.33
20-May-2016 01:14:06.876 INFO [main] org.apache.catalina.startup.VersionLoggerListener.log Command line argument: -Dcatalina.home=/home/alwaysqq/IdeaProjects/arc1/apache-tomcat-8.0.33
20-May-2016 01:14:06.876 INFO [main] org.apache.catalina.startup.VersionLoggerListener.log Command line argument: -Djava.io.tmpdir=/home/alwaysqq/IdeaProjects/arc1/apache-tomcat-8.0.33/temp
20-May-2016 01:14:06.876 INFO [main] org.apache.catalina.core.AprLifecycleListener.lifecycleEvent The APR based Apache Tomcat Native library which allows optimal performance in production environments was not found on the java.library.path: /usr/java/packages/lib/amd64:/usr/lib64:/lib64:/lib:/usr/lib
20-May-2016 01:14:06.986 INFO [main] org.apache.coyote.AbstractProtocol.init Initializing ProtocolHandler ["http-nio-80"]
20-May-2016 01:14:06.998 INFO [main] org.apache.tomcat.util.net.NioSelectorPool.getSharedSelector Using a shared selector for servlet write/read
20-May-2016 01:14:07.000 INFO [main] org.apache.coyote.AbstractProtocol.init Initializing ProtocolHandler ["ajp-nio-8009"]
20-May-2016 01:14:07.002 INFO [main] org.apache.tomcat.util.net.NioSelectorPool.getSharedSelector Using a shared selector for servlet write/read
20-May-2016 01:14:07.002 INFO [main] org.apache.catalina.startup.Catalina.load Initialization processed in 482 ms
20-May-2016 01:14:07.017 INFO [main] org.apache.catalina.core.StandardService.startInternal Starting service Catalina
20-May-2016 01:14:07.017 INFO [main] org.apache.catalina.core.StandardEngine.startInternal Starting Servlet Engine: Apache Tomcat/8.0.33
20-May-2016 01:14:07.221 INFO [main] org.apache.coyote.AbstractProtocol.start Starting ProtocolHandler ["http-nio-80"]
20-May-2016 01:14:07.225 INFO [main] org.apache.coyote.AbstractProtocol.start Starting ProtocolHandler ["ajp-nio-8009"]
20-May-2016 01:14:07.238 INFO [main] org.apache.catalina.startup.Catalina.start Server startup in 236 ms
20-May-2016 01:14:22.401 INFO [main] org.apache.catalina.core.StandardServer.await A valid shutdown command was received via the shutdown port. Stopping the Server instance.
20-May-2016 01:14:22.401 INFO [main] org.apache.coyote.AbstractProtocol.pause Pausing ProtocolHandler ["http-nio-80"]
20-May-2016 01:14:22.453 INFO [main] org.apache.coyote.AbstractProtocol.pause Pausing ProtocolHandler ["ajp-nio-8009"]
20-May-2016 01:14:22.504 INFO [main] org.apache.catalina.core.StandardService.stopInternal Stopping service Catalina
20-May-2016 01:14:22.524 INFO [main] org.apache.coyote.AbstractProtocol.stop Stopping ProtocolHandler ["http-nio-80"]
20-May-2016 01:14:22.525 INFO [main] org.apache.coyote.AbstractProtocol.stop Stopping ProtocolHandler ["ajp-nio-8009"]
20-May-2016 01:14:22.526 INFO [main] org.apache.coyote.AbstractProtocol.destroy Destroying ProtocolHandler ["http-nio-80"]
20-May-2016 01:14:22.527 INFO [main] org.apache.coyote.AbstractProtocol.destroy Destroying ProtocolHandler ["ajp-nio-8009"]
20-May-2016 01:18:01.666 INFO [main] org.apache.catalina.startup.VersionLoggerListener.log Server version:        Apache Tomcat/8.0.33
20-May-2016 01:18:01.668 INFO [main] org.apache.catalina.startup.VersionLoggerListener.log Server built:          Mar 18 2016 20:31:49 UTC
20-May-2016 01:18:01.668 INFO [main] org.apache.catalina.startup.VersionLoggerListener.log Server number:         8.0.33.0
20-May-2016 01:18:01.668 INFO [main] org.apache.catalina.startup.VersionLoggerListener.log OS Name:               Linux
20-May-2016 01:18:01.668 INFO [main] org.apache.catalina.startup.VersionLoggerListener.log OS Version:            4.2.0-27-generic
20-May-2016 01:18:01.668 INFO [main] org.apache.catalina.startup.VersionLoggerListener.log Architecture:          amd64
20-May-2016 01:18:01.668 INFO [main] org.apache.catalina.startup.VersionLoggerListener.log Java Home:             /usr/local/java/jdk1.8.0_73/jre
20-May-2016 01:18:01.668 INFO [main] org.apache.catalina.startup.VersionLoggerListener.log JVM Version:           1.8.0_73-b02
20-May-2016 01:18:01.668 INFO [main] org.apache.catalina.startup.VersionLoggerListener.log JVM Vendor:            Oracle Corporation
20-May-2016 01:18:01.668 INFO [main] org.apache.catalina.startup.VersionLoggerListener.log CATALINA_BASE:         /home/alwaysqq/IdeaProjects/arc1/apache-tomcat-8.0.33
20-May-2016 01:18:01.668 INFO [main] org.apache.catalina.startup.VersionLoggerListener.log CATALINA_HOME:         /home/alwaysqq/IdeaProjects/arc1/apache-tomcat-8.0.33
20-May-2016 01:18:01.669 INFO [main] org.apache.catalina.startup.VersionLoggerListener.log Command line argument: -Djava.util.logging.config.file=/home/alwaysqq/IdeaProjects/arc1/apache-tomcat-8.0.33/conf/logging.properties
20-May-2016 01:18:01.669 INFO [main] org.apache.catalina.startup.VersionLoggerListener.log Command line argument: -Djava.util.logging.manager=org.apache.juli.ClassLoaderLogManager
20-May-2016 01:18:01.669 INFO [main] org.apache.catalina.startup.VersionLoggerListener.log Command line argument: -Djava.endorsed.dirs=/home/alwaysqq/IdeaProjects/arc1/apache-tomcat-8.0.33/endorsed
20-May-2016 01:18:01.669 INFO [main] org.apache.catalina.startup.VersionLoggerListener.log Command line argument: -Dcatalina.base=/home/alwaysqq/IdeaProjects/arc1/apache-tomcat-8.0.33
20-May-2016 01:18:01.669 INFO [main] org.apache.catalina.startup.VersionLoggerListener.log Command line argument: -Dcatalina.home=/home/alwaysqq/IdeaProjects/arc1/apache-tomcat-8.0.33
20-May-2016 01:18:01.669 INFO [main] org.apache.catalina.startup.VersionLoggerListener.log Command line argument: -Djava.io.tmpdir=/home/alwaysqq/IdeaProjects/arc1/apache-tomcat-8.0.33/temp
20-May-2016 01:18:01.669 INFO [main] org.apache.catalina.core.AprLifecycleListener.lifecycleEvent The APR based Apache Tomcat Native library which allows optimal performance in production environments was not found on the java.library.path: /usr/java/packages/lib/amd64:/usr/lib64:/lib64:/lib:/usr/lib
20-May-2016 01:18:01.785 INFO [main] org.apache.coyote.AbstractProtocol.init Initializing ProtocolHandler ["http-nio-80"]
20-May-2016 01:18:01.801 INFO [main] org.apache.tomcat.util.net.NioSelectorPool.getSharedSelector Using a shared selector for servlet write/read
20-May-2016 01:18:01.804 INFO [main] org.apache.coyote.AbstractProtocol.init Initializing ProtocolHandler ["ajp-nio-8009"]
20-May-2016 01:18:01.806 INFO [main] org.apache.tomcat.util.net.NioSelectorPool.getSharedSelector Using a shared selector for servlet write/read
20-May-2016 01:18:01.806 INFO [main] org.apache.catalina.startup.Catalina.load Initialization processed in 446 ms
20-May-2016 01:18:01.825 INFO [main] org.apache.catalina.core.StandardService.startInternal Starting service Catalina
20-May-2016 01:18:01.825 INFO [main] org.apache.catalina.core.StandardEngine.startInternal Starting Servlet Engine: Apache Tomcat/8.0.33
20-May-2016 01:18:02.054 INFO [main] org.apache.coyote.AbstractProtocol.start Starting ProtocolHandler ["http-nio-80"]
20-May-2016 01:18:02.058 INFO [main] org.apache.coyote.AbstractProtocol.start Starting ProtocolHandler ["ajp-nio-8009"]
20-May-2016 01:18:02.070 INFO [main] org.apache.catalina.startup.Catalina.start Server startup in 264 ms
20-May-2016 01:21:56.400 INFO [main] org.apache.catalina.core.StandardServer.await A valid shutdown command was received via the shutdown port. Stopping the Server instance.
20-May-2016 01:21:56.401 INFO [main] org.apache.coyote.AbstractProtocol.pause Pausing ProtocolHandler ["http-nio-80"]
20-May-2016 01:21:56.454 INFO [main] org.apache.coyote.AbstractProtocol.pause Pausing ProtocolHandler ["ajp-nio-8009"]
20-May-2016 01:21:56.505 INFO [main] org.apache.catalina.core.StandardService.stopInternal Stopping service Catalina
20-May-2016 01:21:56.533 INFO [main] org.apache.coyote.AbstractProtocol.stop Stopping ProtocolHandler ["http-nio-80"]
20-May-2016 01:21:56.543 INFO [main] org.apache.coyote.AbstractProtocol.stop Stopping ProtocolHandler ["ajp-nio-8009"]
20-May-2016 01:21:56.544 INFO [main] org.apache.coyote.AbstractProtocol.destroy Destroying ProtocolHandler ["http-nio-80"]
20-May-2016 01:21:56.544 INFO [main] org.apache.coyote.AbstractProtocol.destroy Destroying ProtocolHandler ["ajp-nio-8009"]
20-May-2016 01:21:57.951 INFO [main] org.apache.catalina.startup.VersionLoggerListener.log Server version:        Apache Tomcat/8.0.33
20-May-2016 01:21:57.952 INFO [main] org.apache.catalina.startup.VersionLoggerListener.log Server built:          Mar 18 2016 20:31:49 UTC
20-May-2016 01:21:57.952 INFO [main] org.apache.catalina.startup.VersionLoggerListener.log Server number:         8.0.33.0
20-May-2016 01:21:57.952 INFO [main] org.apache.catalina.startup.VersionLoggerListener.log OS Name:               Linux
20-May-2016 01:21:57.952 INFO [main] org.apache.catalina.startup.VersionLoggerListener.log OS Version:            4.2.0-27-generic
20-May-2016 01:21:57.952 INFO [main] org.apache.catalina.startup.VersionLoggerListener.log Architecture:          amd64
20-May-2016 01:21:57.952 INFO [main] org.apache.catalina.startup.VersionLoggerListener.log Java Home:             /usr/local/java/jdk1.8.0_73/jre
20-May-2016 01:21:57.953 INFO [main] org.apache.catalina.startup.VersionLoggerListener.log JVM Version:           1.8.0_73-b02
20-May-2016 01:21:57.953 INFO [main] org.apache.catalina.startup.VersionLoggerListener.log JVM Vendor:            Oracle Corporation
20-May-2016 01:21:57.953 INFO [main] org.apache.catalina.startup.VersionLoggerListener.log CATALINA_BASE:         /home/alwaysqq/IdeaProjects/arc1/apache-tomcat-8.0.33
20-May-2016 01:21:57.953 INFO [main] org.apache.catalina.startup.VersionLoggerListener.log CATALINA_HOME:         /home/alwaysqq/IdeaProjects/arc1/apache-tomcat-8.0.33
20-May-2016 01:21:57.953 INFO [main] org.apache.catalina.startup.VersionLoggerListener.log Command line argument: -Djava.util.logging.config.file=/home/alwaysqq/IdeaProjects/arc1/apache-tomcat-8.0.33/conf/logging.properties
20-May-2016 01:21:57.953 INFO [main] org.apache.catalina.startup.VersionLoggerListener.log Command line argument: -Djava.util.logging.manager=org.apache.juli.ClassLoaderLogManager
20-May-2016 01:21:57.953 INFO [main] org.apache.catalina.startup.VersionLoggerListener.log Command line argument: -Djava.endorsed.dirs=/home/alwaysqq/IdeaProjects/arc1/apache-tomcat-8.0.33/endorsed
20-May-2016 01:21:57.953 INFO [main] org.apache.catalina.startup.VersionLoggerListener.log Command line argument: -Dcatalina.base=/home/alwaysqq/IdeaProjects/arc1/apache-tomcat-8.0.33
20-May-2016 01:21:57.953 INFO [main] org.apache.catalina.startup.VersionLoggerListener.log Command line argument: -Dcatalina.home=/home/alwaysqq/IdeaProjects/arc1/apache-tomcat-8.0.33
20-May-2016 01:21:57.954 INFO [main] org.apache.catalina.startup.VersionLoggerListener.log Command line argument: -Djava.io.tmpdir=/home/alwaysqq/IdeaProjects/arc1/apache-tomcat-8.0.33/temp
20-May-2016 01:21:57.954 INFO [main] org.apache.catalina.core.AprLifecycleListener.lifecycleEvent The APR based Apache Tomcat Native library which allows optimal performance in production environments was not found on the java.library.path: /usr/java/packages/lib/amd64:/usr/lib64:/lib64:/lib:/usr/lib
20-May-2016 01:21:58.072 INFO [main] org.apache.coyote.AbstractProtocol.init Initializing ProtocolHandler ["http-nio-80"]
20-May-2016 01:21:58.086 INFO [main] org.apache.tomcat.util.net.NioSelectorPool.getSharedSelector Using a shared selector for servlet write/read
20-May-2016 01:21:58.089 INFO [main] org.apache.coyote.AbstractProtocol.init Initializing ProtocolHandler ["ajp-nio-8009"]
20-May-2016 01:21:58.091 INFO [main] org.apache.tomcat.util.net.NioSelectorPool.getSharedSelector Using a shared selector for servlet write/read
20-May-2016 01:21:58.092 INFO [main] org.apache.catalina.startup.Catalina.load Initialization processed in 449 ms
20-May-2016 01:21:58.108 INFO [main] org.apache.catalina.core.StandardService.startInternal Starting service Catalina
20-May-2016 01:21:58.108 INFO [main] org.apache.catalina.core.StandardEngine.startInternal Starting Servlet Engine: Apache Tomcat/8.0.33
20-May-2016 01:21:58.319 INFO [main] org.apache.coyote.AbstractProtocol.start Starting ProtocolHandler ["http-nio-80"]
20-May-2016 01:21:58.323 INFO [main] org.apache.coyote.AbstractProtocol.start Starting ProtocolHandler ["ajp-nio-8009"]
20-May-2016 01:21:58.330 INFO [main] org.apache.catalina.startup.Catalina.start Server startup in 238 ms
20-May-2016 01:22:20.601 INFO [main] org.apache.catalina.core.StandardServer.await A valid shutdown command was received via the shutdown port. Stopping the Server instance.
20-May-2016 01:22:20.601 INFO [main] org.apache.coyote.AbstractProtocol.pause Pausing ProtocolHandler ["http-nio-80"]
20-May-2016 01:22:20.653 INFO [main] org.apache.coyote.AbstractProtocol.pause Pausing ProtocolHandler ["ajp-nio-8009"]
20-May-2016 01:22:20.704 INFO [main] org.apache.catalina.core.StandardService.stopInternal Stopping service Catalina
20-May-2016 01:22:20.715 INFO [main] org.apache.coyote.AbstractProtocol.stop Stopping ProtocolHandler ["http-nio-80"]
20-May-2016 01:22:20.716 INFO [main] org.apache.coyote.AbstractProtocol.stop Stopping ProtocolHandler ["ajp-nio-8009"]
20-May-2016 01:22:20.716 INFO [main] org.apache.coyote.AbstractProtocol.destroy Destroying ProtocolHandler ["http-nio-80"]
20-May-2016 01:22:20.717 INFO [main] org.apache.coyote.AbstractProtocol.destroy Destroying ProtocolHandler ["ajp-nio-8009"]
20-May-2016 01:22:22.082 INFO [main] org.apache.catalina.startup.VersionLoggerListener.log Server version:        Apache Tomcat/8.0.33
20-May-2016 01:22:22.083 INFO [main] org.apache.catalina.startup.VersionLoggerListener.log Server built:          Mar 18 2016 20:31:49 UTC
20-May-2016 01:22:22.083 INFO [main] org.apache.catalina.startup.VersionLoggerListener.log Server number:         8.0.33.0
20-May-2016 01:22:22.083 INFO [main] org.apache.catalina.startup.VersionLoggerListener.log OS Name:               Linux
20-May-2016 01:22:22.083 INFO [main] org.apache.catalina.startup.VersionLoggerListener.log OS Version:            4.2.0-27-generic
20-May-2016 01:22:22.083 INFO [main] org.apache.catalina.startup.VersionLoggerListener.log Architecture:          amd64
20-May-2016 01:22:22.083 INFO [main] org.apache.catalina.startup.VersionLoggerListener.log Java Home:             /usr/local/java/jdk1.8.0_73/jre
20-May-2016 01:22:22.083 INFO [main] org.apache.catalina.startup.VersionLoggerListener.log JVM Version:           1.8.0_73-b02
20-May-2016 01:22:22.083 INFO [main] org.apache.catalina.startup.VersionLoggerListener.log JVM Vendor:            Oracle Corporation
20-May-2016 01:22:22.083 INFO [main] org.apache.catalina.startup.VersionLoggerListener.log CATALINA_BASE:         /home/alwaysqq/IdeaProjects/arc1/apache-tomcat-8.0.33
20-May-2016 01:22:22.083 INFO [main] org.apache.catalina.startup.VersionLoggerListener.log CATALINA_HOME:         /home/alwaysqq/IdeaProjects/arc1/apache-tomcat-8.0.33
20-May-2016 01:22:22.084 INFO [main] org.apache.catalina.startup.VersionLoggerListener.log Command line argument: -Djava.util.logging.config.file=/home/alwaysqq/IdeaProjects/arc1/apache-tomcat-8.0.33/conf/logging.properties
20-May-2016 01:22:22.084 INFO [main] org.apache.catalina.startup.VersionLoggerListener.log Command line argument: -Djava.util.logging.manager=org.apache.juli.ClassLoaderLogManager
20-May-2016 01:22:22.084 INFO [main] org.apache.catalina.startup.VersionLoggerListener.log Command line argument: -Djava.endorsed.dirs=/home/alwaysqq/IdeaProjects/arc1/apache-tomcat-8.0.33/endorsed
20-May-2016 01:22:22.084 INFO [main] org.apache.catalina.startup.VersionLoggerListener.log Command line argument: -Dcatalina.base=/home/alwaysqq/IdeaProjects/arc1/apache-tomcat-8.0.33
20-May-2016 01:22:22.084 INFO [main] org.apache.catalina.startup.VersionLoggerListener.log Command line argument: -Dcatalina.home=/home/alwaysqq/IdeaProjects/arc1/apache-tomcat-8.0.33
20-May-2016 01:22:22.084 INFO [main] org.apache.catalina.startup.VersionLoggerListener.log Command line argument: -Djava.io.tmpdir=/home/alwaysqq/IdeaProjects/arc1/apache-tomcat-8.0.33/temp
20-May-2016 01:22:22.084 INFO [main] org.apache.catalina.core.AprLifecycleListener.lifecycleEvent The APR based Apache Tomcat Native library which allows optimal performance in production environments was not found on the java.library.path: /usr/java/packages/lib/amd64:/usr/lib64:/lib64:/lib:/usr/lib
20-May-2016 01:22:22.219 INFO [main] org.apache.coyote.AbstractProtocol.init Initializing ProtocolHandler ["http-nio-80"]
20-May-2016 01:22:22.232 INFO [main] org.apache.tomcat.util.net.NioSelectorPool.getSharedSelector Using a shared selector for servlet write/read
20-May-2016 01:22:22.234 INFO [main] org.apache.coyote.AbstractProtocol.init Initializing ProtocolHandler ["ajp-nio-8009"]
20-May-2016 01:22:22.237 INFO [main] org.apache.tomcat.util.net.NioSelectorPool.getSharedSelector Using a shared selector for servlet write/read
20-May-2016 01:22:22.237 INFO [main] org.apache.catalina.startup.Catalina.load Initialization processed in 528 ms
20-May-2016 01:22:22.255 INFO [main] org.apache.catalina.core.StandardService.startInternal Starting service Catalina
20-May-2016 01:22:22.255 INFO [main] org.apache.catalina.core.StandardEngine.startInternal Starting Servlet Engine: Apache Tomcat/8.0.33
20-May-2016 01:22:22.512 INFO [main] org.apache.coyote.AbstractProtocol.start Starting ProtocolHandler ["http-nio-80"]
20-May-2016 01:22:22.516 INFO [main] org.apache.coyote.AbstractProtocol.start Starting ProtocolHandler ["ajp-nio-8009"]
20-May-2016 01:22:22.534 INFO [main] org.apache.catalina.startup.Catalina.start Server startup in 297 ms
20-May-2016 01:24:27.077 INFO [main] org.apache.catalina.core.StandardServer.await A valid shutdown command was received via the shutdown port. Stopping the Server instance.
20-May-2016 01:24:27.077 INFO [main] org.apache.coyote.AbstractProtocol.pause Pausing ProtocolHandler ["http-nio-80"]
20-May-2016 01:24:27.130 INFO [main] org.apache.coyote.AbstractProtocol.pause Pausing ProtocolHandler ["ajp-nio-8009"]
20-May-2016 01:24:27.181 INFO [main] org.apache.catalina.core.StandardService.stopInternal Stopping service Catalina
20-May-2016 01:24:27.200 INFO [main] org.apache.coyote.AbstractProtocol.stop Stopping ProtocolHandler ["http-nio-80"]
20-May-2016 01:24:27.201 INFO [main] org.apache.coyote.AbstractProtocol.stop Stopping ProtocolHandler ["ajp-nio-8009"]
20-May-2016 01:24:27.201 INFO [main] org.apache.coyote.AbstractProtocol.destroy Destroying ProtocolHandler ["http-nio-80"]
20-May-2016 01:24:27.202 INFO [main] org.apache.coyote.AbstractProtocol.destroy Destroying ProtocolHandler ["ajp-nio-8009"]
20-May-2016 01:24:28.559 INFO [main] org.apache.catalina.startup.VersionLoggerListener.log Server version:        Apache Tomcat/8.0.33
20-May-2016 01:24:28.560 INFO [main] org.apache.catalina.startup.VersionLoggerListener.log Server built:          Mar 18 2016 20:31:49 UTC
20-May-2016 01:24:28.560 INFO [main] org.apache.catalina.startup.VersionLoggerListener.log Server number:         8.0.33.0
20-May-2016 01:24:28.560 INFO [main] org.apache.catalina.startup.VersionLoggerListener.log OS Name:               Linux
20-May-2016 01:24:28.560 INFO [main] org.apache.catalina.startup.VersionLoggerListener.log OS Version:            4.2.0-27-generic
20-May-2016 01:24:28.560 INFO [main] org.apache.catalina.startup.VersionLoggerListener.log Architecture:          amd64
20-May-2016 01:24:28.560 INFO [main] org.apache.catalina.startup.VersionLoggerListener.log Java Home:             /usr/local/java/jdk1.8.0_73/jre
20-May-2016 01:24:28.560 INFO [main] org.apache.catalina.startup.VersionLoggerListener.log JVM Version:           1.8.0_73-b02
20-May-2016 01:24:28.561 INFO [main] org.apache.catalina.startup.VersionLoggerListener.log JVM Vendor:            Oracle Corporation
20-May-2016 01:24:28.561 INFO [main] org.apache.catalina.startup.VersionLoggerListener.log CATALINA_BASE:         /home/alwaysqq/IdeaProjects/arc1/apache-tomcat-8.0.33
20-May-2016 01:24:28.561 INFO [main] org.apache.catalina.startup.VersionLoggerListener.log CATALINA_HOME:         /home/alwaysqq/IdeaProjects/arc1/apache-tomcat-8.0.33
20-May-2016 01:24:28.561 INFO [main] org.apache.catalina.startup.VersionLoggerListener.log Command line argument: -Djava.util.logging.config.file=/home/alwaysqq/IdeaProjects/arc1/apache-tomcat-8.0.33/conf/logging.properties
20-May-2016 01:24:28.561 INFO [main] org.apache.catalina.startup.VersionLoggerListener.log Command line argument: -Djava.util.logging.manager=org.apache.juli.ClassLoaderLogManager
20-May-2016 01:24:28.561 INFO [main] org.apache.catalina.startup.VersionLoggerListener.log Command line argument: -Djava.endorsed.dirs=/home/alwaysqq/IdeaProjects/arc1/apache-tomcat-8.0.33/endorsed
20-May-2016 01:24:28.561 INFO [main] org.apache.catalina.startup.VersionLoggerListener.log Command line argument: -Dcatalina.base=/home/alwaysqq/IdeaProjects/arc1/apache-tomcat-8.0.33
20-May-2016 01:24:28.561 INFO [main] org.apache.catalina.startup.VersionLoggerListener.log Command line argument: -Dcatalina.home=/home/alwaysqq/IdeaProjects/arc1/apache-tomcat-8.0.33
20-May-2016 01:24:28.561 INFO [main] org.apache.catalina.startup.VersionLoggerListener.log Command line argument: -Djava.io.tmpdir=/home/alwaysqq/IdeaProjects/arc1/apache-tomcat-8.0.33/temp
20-May-2016 01:24:28.561 INFO [main] org.apache.catalina.core.AprLifecycleListener.lifecycleEvent The APR based Apache Tomcat Native library which allows optimal performance in production environments was not found on the java.library.path: /usr/java/packages/lib/amd64:/usr/lib64:/lib64:/lib:/usr/lib
20-May-2016 01:24:28.673 INFO [main] org.apache.coyote.AbstractProtocol.init Initializing ProtocolHandler ["http-nio-80"]
20-May-2016 01:24:28.687 INFO [main] org.apache.tomcat.util.net.NioSelectorPool.getSharedSelector Using a shared selector for servlet write/read
20-May-2016 01:24:28.689 INFO [main] org.apache.coyote.AbstractProtocol.init Initializing ProtocolHandler ["ajp-nio-8009"]
20-May-2016 01:24:28.693 INFO [main] org.apache.tomcat.util.net.NioSelectorPool.getSharedSelector Using a shared selector for servlet write/read
20-May-2016 01:24:28.693 INFO [main] org.apache.catalina.startup.Catalina.load Initialization processed in 458 ms
20-May-2016 01:24:28.708 INFO [main] org.apache.catalina.core.StandardService.startInternal Starting service Catalina
20-May-2016 01:24:28.708 INFO [main] org.apache.catalina.core.StandardEngine.startInternal Starting Servlet Engine: Apache Tomcat/8.0.33
20-May-2016 01:24:28.950 INFO [main] org.apache.coyote.AbstractProtocol.start Starting ProtocolHandler ["http-nio-80"]
20-May-2016 01:24:28.956 INFO [main] org.apache.coyote.AbstractProtocol.start Starting ProtocolHandler ["ajp-nio-8009"]
20-May-2016 01:24:28.963 INFO [main] org.apache.catalina.startup.Catalina.start Server startup in 269 ms
