20-Jun-2016 16:53:04.477 INFO [main] org.apache.catalina.core.StandardServer.await A valid shutdown command was received via the shutdown port. Stopping the Server instance.
20-Jun-2016 16:53:04.477 INFO [main] org.apache.coyote.AbstractProtocol.pause Pausing ProtocolHandler ["http-nio-80"]
20-Jun-2016 16:53:04.529 INFO [main] org.apache.coyote.AbstractProtocol.pause Pausing ProtocolHandler ["ajp-nio-8009"]
20-Jun-2016 16:53:04.580 INFO [main] org.apache.catalina.core.StandardService.stopInternal Stopping service Catalina
20-Jun-2016 16:53:04.609 INFO [main] org.apache.coyote.AbstractProtocol.stop Stopping ProtocolHandler ["http-nio-80"]
20-Jun-2016 16:53:04.611 INFO [main] org.apache.coyote.AbstractProtocol.stop Stopping ProtocolHandler ["ajp-nio-8009"]
20-Jun-2016 16:53:04.611 INFO [main] org.apache.coyote.AbstractProtocol.destroy Destroying ProtocolHandler ["http-nio-80"]
20-Jun-2016 16:53:04.612 INFO [main] org.apache.coyote.AbstractProtocol.destroy Destroying ProtocolHandler ["ajp-nio-8009"]
20-Jun-2016 16:55:39.138 WARNING [main] org.apache.catalina.core.StandardContext.setPath A context path must either be an empty string or start with a '/' and do not end with a '/'. The path [static/jsp] does not meet these criteria and has been changed to [/static/jsp]
20-Jun-2016 16:55:39.147 WARNING [main] org.apache.catalina.core.StandardContext.setPath A context path must either be an empty string or start with a '/' and do not end with a '/'. The path [static/html] does not meet these criteria and has been changed to [/static/html]
20-Jun-2016 16:55:39.147 WARNING [main] org.apache.catalina.core.StandardContext.setPath A context path must either be an empty string or start with a '/' and do not end with a '/'. The path [static/js] does not meet these criteria and has been changed to [/static/js]
20-Jun-2016 16:55:39.147 WARNING [main] org.apache.catalina.core.StandardContext.setPath A context path must either be an empty string or start with a '/' and do not end with a '/'. The path [static/css] does not meet these criteria and has been changed to [/static/css]
20-Jun-2016 16:55:39.155 INFO [main] org.apache.catalina.startup.VersionLoggerListener.log Server version:        Apache Tomcat/8.0.33
20-Jun-2016 16:55:39.155 INFO [main] org.apache.catalina.startup.VersionLoggerListener.log Server built:          Mar 18 2016 20:31:49 UTC
20-Jun-2016 16:55:39.155 INFO [main] org.apache.catalina.startup.VersionLoggerListener.log Server number:         8.0.33.0
20-Jun-2016 16:55:39.155 INFO [main] org.apache.catalina.startup.VersionLoggerListener.log OS Name:               Linux
20-Jun-2016 16:55:39.155 INFO [main] org.apache.catalina.startup.VersionLoggerListener.log OS Version:            4.2.0-27-generic
20-Jun-2016 16:55:39.156 INFO [main] org.apache.catalina.startup.VersionLoggerListener.log Architecture:          amd64
20-Jun-2016 16:55:39.156 INFO [main] org.apache.catalina.startup.VersionLoggerListener.log Java Home:             /usr/local/java/jdk1.8.0_73/jre
20-Jun-2016 16:55:39.156 INFO [main] org.apache.catalina.startup.VersionLoggerListener.log JVM Version:           1.8.0_73-b02
20-Jun-2016 16:55:39.156 INFO [main] org.apache.catalina.startup.VersionLoggerListener.log JVM Vendor:            Oracle Corporation
20-Jun-2016 16:55:39.156 INFO [main] org.apache.catalina.startup.VersionLoggerListener.log CATALINA_BASE:         /home/alwaysqq/IdeaProjects/homeWork/apache-tomcat-8.0.33
20-Jun-2016 16:55:39.156 INFO [main] org.apache.catalina.startup.VersionLoggerListener.log CATALINA_HOME:         /home/alwaysqq/IdeaProjects/homeWork/apache-tomcat-8.0.33
20-Jun-2016 16:55:39.156 INFO [main] org.apache.catalina.startup.VersionLoggerListener.log Command line argument: -Djava.util.logging.config.file=/home/alwaysqq/IdeaProjects/homeWork/apache-tomcat-8.0.33/conf/logging.properties
20-Jun-2016 16:55:39.156 INFO [main] org.apache.catalina.startup.VersionLoggerListener.log Command line argument: -Djava.util.logging.manager=org.apache.juli.ClassLoaderLogManager
20-Jun-2016 16:55:39.156 INFO [main] org.apache.catalina.startup.VersionLoggerListener.log Command line argument: -Djava.endorsed.dirs=/home/alwaysqq/IdeaProjects/homeWork/apache-tomcat-8.0.33/endorsed
20-Jun-2016 16:55:39.156 INFO [main] org.apache.catalina.startup.VersionLoggerListener.log Command line argument: -Dcatalina.base=/home/alwaysqq/IdeaProjects/homeWork/apache-tomcat-8.0.33
20-Jun-2016 16:55:39.156 INFO [main] org.apache.catalina.startup.VersionLoggerListener.log Command line argument: -Dcatalina.home=/home/alwaysqq/IdeaProjects/homeWork/apache-tomcat-8.0.33
20-Jun-2016 16:55:39.157 INFO [main] org.apache.catalina.startup.VersionLoggerListener.log Command line argument: -Djava.io.tmpdir=/home/alwaysqq/IdeaProjects/homeWork/apache-tomcat-8.0.33/temp
20-Jun-2016 16:55:39.157 INFO [main] org.apache.catalina.core.AprLifecycleListener.lifecycleEvent The APR based Apache Tomcat Native library which allows optimal performance in production environments was not found on the java.library.path: /usr/java/packages/lib/amd64:/usr/lib64:/lib64:/lib:/usr/lib
20-Jun-2016 16:55:39.264 INFO [main] org.apache.coyote.AbstractProtocol.init Initializing ProtocolHandler ["http-nio-80"]
20-Jun-2016 16:55:39.275 INFO [main] org.apache.tomcat.util.net.NioSelectorPool.getSharedSelector Using a shared selector for servlet write/read
20-Jun-2016 16:55:39.277 INFO [main] org.apache.coyote.AbstractProtocol.init Initializing ProtocolHandler ["ajp-nio-8009"]
20-Jun-2016 16:55:39.278 INFO [main] org.apache.tomcat.util.net.NioSelectorPool.getSharedSelector Using a shared selector for servlet write/read
20-Jun-2016 16:55:39.278 INFO [main] org.apache.catalina.startup.Catalina.load Initialization processed in 416 ms
20-Jun-2016 16:55:39.293 INFO [main] org.apache.catalina.core.StandardService.startInternal Starting service Catalina
20-Jun-2016 16:55:39.293 INFO [main] org.apache.catalina.core.StandardEngine.startInternal Starting Servlet Engine: Apache Tomcat/8.0.33
20-Jun-2016 16:55:39.576 INFO [main] org.apache.coyote.AbstractProtocol.start Starting ProtocolHandler ["http-nio-80"]
20-Jun-2016 16:55:39.606 INFO [main] org.apache.coyote.AbstractProtocol.start Starting ProtocolHandler ["ajp-nio-8009"]
20-Jun-2016 16:55:39.607 INFO [main] org.apache.catalina.startup.Catalina.start Server startup in 328 ms
20-Jun-2016 17:33:19.701 INFO [main] org.apache.catalina.core.StandardServer.await A valid shutdown command was received via the shutdown port. Stopping the Server instance.
20-Jun-2016 17:33:19.702 INFO [main] org.apache.coyote.AbstractProtocol.pause Pausing ProtocolHandler ["http-nio-80"]
20-Jun-2016 17:33:19.754 INFO [main] org.apache.coyote.AbstractProtocol.pause Pausing ProtocolHandler ["ajp-nio-8009"]
20-Jun-2016 17:33:19.805 INFO [main] org.apache.catalina.core.StandardService.stopInternal Stopping service Catalina
20-Jun-2016 17:33:19.831 INFO [main] org.apache.coyote.AbstractProtocol.stop Stopping ProtocolHandler ["http-nio-80"]
20-Jun-2016 17:33:19.833 INFO [main] org.apache.coyote.AbstractProtocol.stop Stopping ProtocolHandler ["ajp-nio-8009"]
20-Jun-2016 17:33:19.833 INFO [main] org.apache.coyote.AbstractProtocol.destroy Destroying ProtocolHandler ["http-nio-80"]
20-Jun-2016 17:33:19.834 INFO [main] org.apache.coyote.AbstractProtocol.destroy Destroying ProtocolHandler ["ajp-nio-8009"]
20-Jun-2016 17:33:21.068 WARNING [main] org.apache.catalina.core.StandardContext.setPath A context path must either be an empty string or start with a '/' and do not end with a '/'. The path [static/jsp] does not meet these criteria and has been changed to [/static/jsp]
20-Jun-2016 17:33:21.076 WARNING [main] org.apache.catalina.core.StandardContext.setPath A context path must either be an empty string or start with a '/' and do not end with a '/'. The path [static/html] does not meet these criteria and has been changed to [/static/html]
20-Jun-2016 17:33:21.076 WARNING [main] org.apache.catalina.core.StandardContext.setPath A context path must either be an empty string or start with a '/' and do not end with a '/'. The path [static/js] does not meet these criteria and has been changed to [/static/js]
20-Jun-2016 17:33:21.077 WARNING [main] org.apache.catalina.core.StandardContext.setPath A context path must either be an empty string or start with a '/' and do not end with a '/'. The path [static/css] does not meet these criteria and has been changed to [/static/css]
20-Jun-2016 17:33:21.084 INFO [main] org.apache.catalina.startup.VersionLoggerListener.log Server version:        Apache Tomcat/8.0.33
20-Jun-2016 17:33:21.085 INFO [main] org.apache.catalina.startup.VersionLoggerListener.log Server built:          Mar 18 2016 20:31:49 UTC
20-Jun-2016 17:33:21.085 INFO [main] org.apache.catalina.startup.VersionLoggerListener.log Server number:         8.0.33.0
20-Jun-2016 17:33:21.085 INFO [main] org.apache.catalina.startup.VersionLoggerListener.log OS Name:               Linux
20-Jun-2016 17:33:21.085 INFO [main] org.apache.catalina.startup.VersionLoggerListener.log OS Version:            4.2.0-27-generic
20-Jun-2016 17:33:21.085 INFO [main] org.apache.catalina.startup.VersionLoggerListener.log Architecture:          amd64
20-Jun-2016 17:33:21.085 INFO [main] org.apache.catalina.startup.VersionLoggerListener.log Java Home:             /usr/local/java/jdk1.8.0_73/jre
20-Jun-2016 17:33:21.085 INFO [main] org.apache.catalina.startup.VersionLoggerListener.log JVM Version:           1.8.0_73-b02
20-Jun-2016 17:33:21.085 INFO [main] org.apache.catalina.startup.VersionLoggerListener.log JVM Vendor:            Oracle Corporation
20-Jun-2016 17:33:21.085 INFO [main] org.apache.catalina.startup.VersionLoggerListener.log CATALINA_BASE:         /home/alwaysqq/IdeaProjects/homeWork/apache-tomcat-8.0.33
20-Jun-2016 17:33:21.085 INFO [main] org.apache.catalina.startup.VersionLoggerListener.log CATALINA_HOME:         /home/alwaysqq/IdeaProjects/homeWork/apache-tomcat-8.0.33
20-Jun-2016 17:33:21.086 INFO [main] org.apache.catalina.startup.VersionLoggerListener.log Command line argument: -Djava.util.logging.config.file=/home/alwaysqq/IdeaProjects/homeWork/apache-tomcat-8.0.33/conf/logging.properties
20-Jun-2016 17:33:21.086 INFO [main] org.apache.catalina.startup.VersionLoggerListener.log Command line argument: -Djava.util.logging.manager=org.apache.juli.ClassLoaderLogManager
20-Jun-2016 17:33:21.086 INFO [main] org.apache.catalina.startup.VersionLoggerListener.log Command line argument: -Djava.endorsed.dirs=/home/alwaysqq/IdeaProjects/homeWork/apache-tomcat-8.0.33/endorsed
20-Jun-2016 17:33:21.086 INFO [main] org.apache.catalina.startup.VersionLoggerListener.log Command line argument: -Dcatalina.base=/home/alwaysqq/IdeaProjects/homeWork/apache-tomcat-8.0.33
20-Jun-2016 17:33:21.086 INFO [main] org.apache.catalina.startup.VersionLoggerListener.log Command line argument: -Dcatalina.home=/home/alwaysqq/IdeaProjects/homeWork/apache-tomcat-8.0.33
20-Jun-2016 17:33:21.086 INFO [main] org.apache.catalina.startup.VersionLoggerListener.log Command line argument: -Djava.io.tmpdir=/home/alwaysqq/IdeaProjects/homeWork/apache-tomcat-8.0.33/temp
20-Jun-2016 17:33:21.086 INFO [main] org.apache.catalina.core.AprLifecycleListener.lifecycleEvent The APR based Apache Tomcat Native library which allows optimal performance in production environments was not found on the java.library.path: /usr/java/packages/lib/amd64:/usr/lib64:/lib64:/lib:/usr/lib
20-Jun-2016 17:33:21.196 INFO [main] org.apache.coyote.AbstractProtocol.init Initializing ProtocolHandler ["http-nio-80"]
20-Jun-2016 17:33:21.207 INFO [main] org.apache.tomcat.util.net.NioSelectorPool.getSharedSelector Using a shared selector for servlet write/read
20-Jun-2016 17:33:21.209 INFO [main] org.apache.coyote.AbstractProtocol.init Initializing ProtocolHandler ["ajp-nio-8009"]
20-Jun-2016 17:33:21.210 INFO [main] org.apache.tomcat.util.net.NioSelectorPool.getSharedSelector Using a shared selector for servlet write/read
20-Jun-2016 17:33:21.210 INFO [main] org.apache.catalina.startup.Catalina.load Initialization processed in 426 ms
20-Jun-2016 17:33:21.226 INFO [main] org.apache.catalina.core.StandardService.startInternal Starting service Catalina
20-Jun-2016 17:33:21.226 INFO [main] org.apache.catalina.core.StandardEngine.startInternal Starting Servlet Engine: Apache Tomcat/8.0.33
20-Jun-2016 17:33:21.446 INFO [main] org.apache.coyote.AbstractProtocol.start Starting ProtocolHandler ["http-nio-80"]
20-Jun-2016 17:33:21.462 INFO [main] org.apache.coyote.AbstractProtocol.start Starting ProtocolHandler ["ajp-nio-8009"]
20-Jun-2016 17:33:21.463 INFO [main] org.apache.catalina.startup.Catalina.start Server startup in 251 ms
20-Jun-2016 17:50:04.653 INFO [main] org.apache.catalina.core.StandardServer.await A valid shutdown command was received via the shutdown port. Stopping the Server instance.
20-Jun-2016 17:50:04.654 INFO [main] org.apache.coyote.AbstractProtocol.pause Pausing ProtocolHandler ["http-nio-80"]
20-Jun-2016 17:50:04.707 INFO [main] org.apache.coyote.AbstractProtocol.pause Pausing ProtocolHandler ["ajp-nio-8009"]
20-Jun-2016 17:50:04.758 INFO [main] org.apache.catalina.core.StandardService.stopInternal Stopping service Catalina
20-Jun-2016 17:50:04.786 INFO [main] org.apache.coyote.AbstractProtocol.stop Stopping ProtocolHandler ["http-nio-80"]
20-Jun-2016 17:50:04.789 INFO [main] org.apache.coyote.AbstractProtocol.stop Stopping ProtocolHandler ["ajp-nio-8009"]
20-Jun-2016 17:50:04.789 INFO [main] org.apache.coyote.AbstractProtocol.destroy Destroying ProtocolHandler ["http-nio-80"]
20-Jun-2016 17:50:04.790 INFO [main] org.apache.coyote.AbstractProtocol.destroy Destroying ProtocolHandler ["ajp-nio-8009"]
20-Jun-2016 17:50:07.600 WARNING [main] org.apache.catalina.core.StandardContext.setPath A context path must either be an empty string or start with a '/' and do not end with a '/'. The path [static/jsp] does not meet these criteria and has been changed to [/static/jsp]
20-Jun-2016 17:50:07.608 WARNING [main] org.apache.catalina.core.StandardContext.setPath A context path must either be an empty string or start with a '/' and do not end with a '/'. The path [static/jsp] does not meet these criteria and has been changed to [/static/jsp]
20-Jun-2016 17:50:07.608 SEVERE [main] org.apache.tomcat.util.digester.Digester.endElement End event threw exception
 java.lang.reflect.InvocationTargetException
	at sun.reflect.NativeMethodAccessorImpl.invoke0(Native Method)
	at sun.reflect.NativeMethodAccessorImpl.invoke(NativeMethodAccessorImpl.java:62)
	at sun.reflect.DelegatingMethodAccessorImpl.invoke(DelegatingMethodAccessorImpl.java:43)
	at java.lang.reflect.Method.invoke(Method.java:497)
	at org.apache.tomcat.util.IntrospectionUtils.callMethod1(IntrospectionUtils.java:365)
	at org.apache.tomcat.util.digester.SetNextRule.end(SetNextRule.java:145)
	at org.apache.tomcat.util.digester.Digester.endElement(Digester.java:956)
	at com.sun.org.apache.xerces.internal.parsers.AbstractSAXParser.endElement(AbstractSAXParser.java:609)
	at com.sun.org.apache.xerces.internal.parsers.AbstractXMLDocumentParser.emptyElement(AbstractXMLDocumentParser.java:183)
	at com.sun.org.apache.xerces.internal.impl.XMLDocumentFragmentScannerImpl.scanStartElement(XMLDocumentFragmentScannerImpl.java:1344)
	at com.sun.org.apache.xerces.internal.impl.XMLDocumentFragmentScannerImpl$FragmentContentDriver.next(XMLDocumentFragmentScannerImpl.java:2787)
	at com.sun.org.apache.xerces.internal.impl.XMLDocumentScannerImpl.next(XMLDocumentScannerImpl.java:606)
	at com.sun.org.apache.xerces.internal.impl.XMLDocumentFragmentScannerImpl.scanDocument(XMLDocumentFragmentScannerImpl.java:510)
	at com.sun.org.apache.xerces.internal.parsers.XML11Configuration.parse(XML11Configuration.java:848)
	at com.sun.org.apache.xerces.internal.parsers.XML11Configuration.parse(XML11Configuration.java:777)
	at com.sun.org.apache.xerces.internal.parsers.XMLParser.parse(XMLParser.java:141)
	at com.sun.org.apache.xerces.internal.parsers.AbstractSAXParser.parse(AbstractSAXParser.java:1213)
	at com.sun.org.apache.xerces.internal.jaxp.SAXParserImpl$JAXPSAXParser.parse(SAXParserImpl.java:643)
	at org.apache.tomcat.util.digester.Digester.parse(Digester.java:1451)
	at org.apache.catalina.startup.Catalina.load(Catalina.java:552)
	at org.apache.catalina.startup.Catalina.load(Catalina.java:603)
	at sun.reflect.NativeMethodAccessorImpl.invoke0(Native Method)
	at sun.reflect.NativeMethodAccessorImpl.invoke(NativeMethodAccessorImpl.java:62)
	at sun.reflect.DelegatingMethodAccessorImpl.invoke(DelegatingMethodAccessorImpl.java:43)
	at java.lang.reflect.Method.invoke(Method.java:497)
	at org.apache.catalina.startup.Bootstrap.load(Bootstrap.java:310)
	at org.apache.catalina.startup.Bootstrap.main(Bootstrap.java:484)
Caused by: java.lang.IllegalArgumentException: addChild:  Child name '/static/jsp' is not unique
	at org.apache.catalina.core.ContainerBase.addChildInternal(ContainerBase.java:711)
	at org.apache.catalina.core.ContainerBase.addChild(ContainerBase.java:701)
	at org.apache.catalina.core.StandardHost.addChild(StandardHost.java:717)
	... 27 more

20-Jun-2016 17:50:07.609 WARNING [main] org.apache.catalina.startup.Catalina.load Catalina.start using conf/server.xml: Error at (126, 118) : addChild:  Child name '/static/jsp' is not unique
20-Jun-2016 17:50:07.613 WARNING [main] org.apache.catalina.core.StandardContext.setPath A context path must either be an empty string or start with a '/' and do not end with a '/'. The path [static/jsp] does not meet these criteria and has been changed to [/static/jsp]
20-Jun-2016 17:50:07.613 WARNING [main] org.apache.catalina.core.StandardContext.setPath A context path must either be an empty string or start with a '/' and do not end with a '/'. The path [static/jsp] does not meet these criteria and has been changed to [/static/jsp]
20-Jun-2016 17:50:07.613 SEVERE [main] org.apache.tomcat.util.digester.Digester.endElement End event threw exception
 java.lang.reflect.InvocationTargetException
	at sun.reflect.NativeMethodAccessorImpl.invoke0(Native Method)
	at sun.reflect.NativeMethodAccessorImpl.invoke(NativeMethodAccessorImpl.java:62)
	at sun.reflect.DelegatingMethodAccessorImpl.invoke(DelegatingMethodAccessorImpl.java:43)
	at java.lang.reflect.Method.invoke(Method.java:497)
	at org.apache.tomcat.util.IntrospectionUtils.callMethod1(IntrospectionUtils.java:365)
	at org.apache.tomcat.util.digester.SetNextRule.end(SetNextRule.java:145)
	at org.apache.tomcat.util.digester.Digester.endElement(Digester.java:956)
	at com.sun.org.apache.xerces.internal.parsers.AbstractSAXParser.endElement(AbstractSAXParser.java:609)
	at com.sun.org.apache.xerces.internal.parsers.AbstractXMLDocumentParser.emptyElement(AbstractXMLDocumentParser.java:183)
	at com.sun.org.apache.xerces.internal.impl.XMLDocumentFragmentScannerImpl.scanStartElement(XMLDocumentFragmentScannerImpl.java:1344)
	at com.sun.org.apache.xerces.internal.impl.XMLDocumentFragmentScannerImpl$FragmentContentDriver.next(XMLDocumentFragmentScannerImpl.java:2787)
	at com.sun.org.apache.xerces.internal.impl.XMLDocumentScannerImpl.next(XMLDocumentScannerImpl.java:606)
	at com.sun.org.apache.xerces.internal.impl.XMLDocumentFragmentScannerImpl.scanDocument(XMLDocumentFragmentScannerImpl.java:510)
	at com.sun.org.apache.xerces.internal.parsers.XML11Configuration.parse(XML11Configuration.java:848)
	at com.sun.org.apache.xerces.internal.parsers.XML11Configuration.parse(XML11Configuration.java:777)
	at com.sun.org.apache.xerces.internal.parsers.XMLParser.parse(XMLParser.java:141)
	at com.sun.org.apache.xerces.internal.parsers.AbstractSAXParser.parse(AbstractSAXParser.java:1213)
	at com.sun.org.apache.xerces.internal.jaxp.SAXParserImpl$JAXPSAXParser.parse(SAXParserImpl.java:643)
	at org.apache.tomcat.util.digester.Digester.parse(Digester.java:1451)
	at org.apache.catalina.startup.Catalina.load(Catalina.java:552)
	at org.apache.catalina.startup.Catalina.start(Catalina.java:617)
	at sun.reflect.NativeMethodAccessorImpl.invoke0(Native Method)
	at sun.reflect.NativeMethodAccessorImpl.invoke(NativeMethodAccessorImpl.java:62)
	at sun.reflect.DelegatingMethodAccessorImpl.invoke(DelegatingMethodAccessorImpl.java:43)
	at java.lang.reflect.Method.invoke(Method.java:497)
	at org.apache.catalina.startup.Bootstrap.start(Bootstrap.java:351)
	at org.apache.catalina.startup.Bootstrap.main(Bootstrap.java:485)
Caused by: java.lang.IllegalArgumentException: addChild:  Child name '/static/jsp' is not unique
	at org.apache.catalina.core.ContainerBase.addChildInternal(ContainerBase.java:711)
	at org.apache.catalina.core.ContainerBase.addChild(ContainerBase.java:701)
	at org.apache.catalina.core.StandardHost.addChild(StandardHost.java:717)
	... 27 more

20-Jun-2016 17:50:07.614 WARNING [main] org.apache.catalina.startup.Catalina.load Catalina.start using conf/server.xml: Error at (126, 118) : addChild:  Child name '/static/jsp' is not unique
20-Jun-2016 17:50:07.614 SEVERE [1] org.apache.catalina.startup.Catalina.start Cannot start server. Server instance is not configured.
20-Jun-2016 17:52:02.056 WARNING [main] org.apache.catalina.core.StandardContext.setPath A context path must either be an empty string or start with a '/' and do not end with a '/'. The path [static/images] does not meet these criteria and has been changed to [/static/images]
20-Jun-2016 17:52:02.064 WARNING [main] org.apache.catalina.core.StandardContext.setPath A context path must either be an empty string or start with a '/' and do not end with a '/'. The path [static/jsp] does not meet these criteria and has been changed to [/static/jsp]
20-Jun-2016 17:52:02.064 WARNING [main] org.apache.catalina.core.StandardContext.setPath A context path must either be an empty string or start with a '/' and do not end with a '/'. The path [static/html] does not meet these criteria and has been changed to [/static/html]
20-Jun-2016 17:52:02.064 WARNING [main] org.apache.catalina.core.StandardContext.setPath A context path must either be an empty string or start with a '/' and do not end with a '/'. The path [static/js] does not meet these criteria and has been changed to [/static/js]
20-Jun-2016 17:52:02.064 WARNING [main] org.apache.catalina.core.StandardContext.setPath A context path must either be an empty string or start with a '/' and do not end with a '/'. The path [static/css] does not meet these criteria and has been changed to [/static/css]
20-Jun-2016 17:52:02.072 INFO [main] org.apache.catalina.startup.VersionLoggerListener.log Server version:        Apache Tomcat/8.0.33
20-Jun-2016 17:52:02.072 INFO [main] org.apache.catalina.startup.VersionLoggerListener.log Server built:          Mar 18 2016 20:31:49 UTC
20-Jun-2016 17:52:02.072 INFO [main] org.apache.catalina.startup.VersionLoggerListener.log Server number:         8.0.33.0
20-Jun-2016 17:52:02.072 INFO [main] org.apache.catalina.startup.VersionLoggerListener.log OS Name:               Linux
20-Jun-2016 17:52:02.072 INFO [main] org.apache.catalina.startup.VersionLoggerListener.log OS Version:            4.2.0-27-generic
20-Jun-2016 17:52:02.072 INFO [main] org.apache.catalina.startup.VersionLoggerListener.log Architecture:          amd64
20-Jun-2016 17:52:02.072 INFO [main] org.apache.catalina.startup.VersionLoggerListener.log Java Home:             /usr/local/java/jdk1.8.0_73/jre
20-Jun-2016 17:52:02.072 INFO [main] org.apache.catalina.startup.VersionLoggerListener.log JVM Version:           1.8.0_73-b02
20-Jun-2016 17:52:02.072 INFO [main] org.apache.catalina.startup.VersionLoggerListener.log JVM Vendor:            Oracle Corporation
20-Jun-2016 17:52:02.072 INFO [main] org.apache.catalina.startup.VersionLoggerListener.log CATALINA_BASE:         /home/alwaysqq/IdeaProjects/homeWork/apache-tomcat-8.0.33
20-Jun-2016 17:52:02.072 INFO [main] org.apache.catalina.startup.VersionLoggerListener.log CATALINA_HOME:         /home/alwaysqq/IdeaProjects/homeWork/apache-tomcat-8.0.33
20-Jun-2016 17:52:02.073 INFO [main] org.apache.catalina.startup.VersionLoggerListener.log Command line argument: -Djava.util.logging.config.file=/home/alwaysqq/IdeaProjects/homeWork/apache-tomcat-8.0.33/conf/logging.properties
20-Jun-2016 17:52:02.073 INFO [main] org.apache.catalina.startup.VersionLoggerListener.log Command line argument: -Djava.util.logging.manager=org.apache.juli.ClassLoaderLogManager
20-Jun-2016 17:52:02.073 INFO [main] org.apache.catalina.startup.VersionLoggerListener.log Command line argument: -Djava.endorsed.dirs=/home/alwaysqq/IdeaProjects/homeWork/apache-tomcat-8.0.33/endorsed
20-Jun-2016 17:52:02.073 INFO [main] org.apache.catalina.startup.VersionLoggerListener.log Command line argument: -Dcatalina.base=/home/alwaysqq/IdeaProjects/homeWork/apache-tomcat-8.0.33
20-Jun-2016 17:52:02.073 INFO [main] org.apache.catalina.startup.VersionLoggerListener.log Command line argument: -Dcatalina.home=/home/alwaysqq/IdeaProjects/homeWork/apache-tomcat-8.0.33
20-Jun-2016 17:52:02.073 INFO [main] org.apache.catalina.startup.VersionLoggerListener.log Command line argument: -Djava.io.tmpdir=/home/alwaysqq/IdeaProjects/homeWork/apache-tomcat-8.0.33/temp
20-Jun-2016 17:52:02.073 INFO [main] org.apache.catalina.core.AprLifecycleListener.lifecycleEvent The APR based Apache Tomcat Native library which allows optimal performance in production environments was not found on the java.library.path: /usr/java/packages/lib/amd64:/usr/lib64:/lib64:/lib:/usr/lib
20-Jun-2016 17:52:02.179 INFO [main] org.apache.coyote.AbstractProtocol.init Initializing ProtocolHandler ["http-nio-80"]
20-Jun-2016 17:52:02.189 INFO [main] org.apache.tomcat.util.net.NioSelectorPool.getSharedSelector Using a shared selector for servlet write/read
20-Jun-2016 17:52:02.192 INFO [main] org.apache.coyote.AbstractProtocol.init Initializing ProtocolHandler ["ajp-nio-8009"]
20-Jun-2016 17:52:02.193 INFO [main] org.apache.tomcat.util.net.NioSelectorPool.getSharedSelector Using a shared selector for servlet write/read
20-Jun-2016 17:52:02.193 INFO [main] org.apache.catalina.startup.Catalina.load Initialization processed in 412 ms
20-Jun-2016 17:52:02.208 INFO [main] org.apache.catalina.core.StandardService.startInternal Starting service Catalina
20-Jun-2016 17:52:02.209 INFO [main] org.apache.catalina.core.StandardEngine.startInternal Starting Servlet Engine: Apache Tomcat/8.0.33
20-Jun-2016 17:52:02.480 INFO [main] org.apache.coyote.AbstractProtocol.start Starting ProtocolHandler ["http-nio-80"]
20-Jun-2016 17:52:02.494 INFO [main] org.apache.coyote.AbstractProtocol.start Starting ProtocolHandler ["ajp-nio-8009"]
20-Jun-2016 17:52:02.495 INFO [main] org.apache.catalina.startup.Catalina.start Server startup in 301 ms
20-Jun-2016 17:52:02.829 INFO [main] org.apache.catalina.core.StandardServer.await A valid shutdown command was received via the shutdown port. Stopping the Server instance.
20-Jun-2016 17:52:02.829 INFO [main] org.apache.coyote.AbstractProtocol.pause Pausing ProtocolHandler ["http-nio-80"]
20-Jun-2016 17:52:02.881 INFO [main] org.apache.coyote.AbstractProtocol.pause Pausing ProtocolHandler ["ajp-nio-8009"]
20-Jun-2016 17:52:02.932 INFO [main] org.apache.catalina.core.StandardService.stopInternal Stopping service Catalina
20-Jun-2016 17:52:02.955 INFO [main] org.apache.coyote.AbstractProtocol.stop Stopping ProtocolHandler ["http-nio-80"]
20-Jun-2016 17:52:02.956 INFO [main] org.apache.coyote.AbstractProtocol.stop Stopping ProtocolHandler ["ajp-nio-8009"]
20-Jun-2016 17:52:02.956 INFO [main] org.apache.coyote.AbstractProtocol.destroy Destroying ProtocolHandler ["http-nio-80"]
20-Jun-2016 17:52:02.957 INFO [main] org.apache.coyote.AbstractProtocol.destroy Destroying ProtocolHandler ["ajp-nio-8009"]
20-Jun-2016 17:52:04.608 WARNING [main] org.apache.catalina.core.StandardContext.setPath A context path must either be an empty string or start with a '/' and do not end with a '/'. The path [static/images] does not meet these criteria and has been changed to [/static/images]
20-Jun-2016 17:52:04.616 WARNING [main] org.apache.catalina.core.StandardContext.setPath A context path must either be an empty string or start with a '/' and do not end with a '/'. The path [static/jsp] does not meet these criteria and has been changed to [/static/jsp]
20-Jun-2016 17:52:04.616 WARNING [main] org.apache.catalina.core.StandardContext.setPath A context path must either be an empty string or start with a '/' and do not end with a '/'. The path [static/html] does not meet these criteria and has been changed to [/static/html]
20-Jun-2016 17:52:04.616 WARNING [main] org.apache.catalina.core.StandardContext.setPath A context path must either be an empty string or start with a '/' and do not end with a '/'. The path [static/js] does not meet these criteria and has been changed to [/static/js]
20-Jun-2016 17:52:04.617 WARNING [main] org.apache.catalina.core.StandardContext.setPath A context path must either be an empty string or start with a '/' and do not end with a '/'. The path [static/css] does not meet these criteria and has been changed to [/static/css]
20-Jun-2016 17:52:04.624 INFO [main] org.apache.catalina.startup.VersionLoggerListener.log Server version:        Apache Tomcat/8.0.33
20-Jun-2016 17:52:04.624 INFO [main] org.apache.catalina.startup.VersionLoggerListener.log Server built:          Mar 18 2016 20:31:49 UTC
20-Jun-2016 17:52:04.624 INFO [main] org.apache.catalina.startup.VersionLoggerListener.log Server number:         8.0.33.0
20-Jun-2016 17:52:04.624 INFO [main] org.apache.catalina.startup.VersionLoggerListener.log OS Name:               Linux
20-Jun-2016 17:52:04.624 INFO [main] org.apache.catalina.startup.VersionLoggerListener.log OS Version:            4.2.0-27-generic
20-Jun-2016 17:52:04.624 INFO [main] org.apache.catalina.startup.VersionLoggerListener.log Architecture:          amd64
20-Jun-2016 17:52:04.624 INFO [main] org.apache.catalina.startup.VersionLoggerListener.log Java Home:             /usr/local/java/jdk1.8.0_73/jre
20-Jun-2016 17:52:04.625 INFO [main] org.apache.catalina.startup.VersionLoggerListener.log JVM Version:           1.8.0_73-b02
20-Jun-2016 17:52:04.625 INFO [main] org.apache.catalina.startup.VersionLoggerListener.log JVM Vendor:            Oracle Corporation
20-Jun-2016 17:52:04.625 INFO [main] org.apache.catalina.startup.VersionLoggerListener.log CATALINA_BASE:         /home/alwaysqq/IdeaProjects/homeWork/apache-tomcat-8.0.33
20-Jun-2016 17:52:04.625 INFO [main] org.apache.catalina.startup.VersionLoggerListener.log CATALINA_HOME:         /home/alwaysqq/IdeaProjects/homeWork/apache-tomcat-8.0.33
20-Jun-2016 17:52:04.625 INFO [main] org.apache.catalina.startup.VersionLoggerListener.log Command line argument: -Djava.util.logging.config.file=/home/alwaysqq/IdeaProjects/homeWork/apache-tomcat-8.0.33/conf/logging.properties
20-Jun-2016 17:52:04.625 INFO [main] org.apache.catalina.startup.VersionLoggerListener.log Command line argument: -Djava.util.logging.manager=org.apache.juli.ClassLoaderLogManager
20-Jun-2016 17:52:04.625 INFO [main] org.apache.catalina.startup.VersionLoggerListener.log Command line argument: -Djava.endorsed.dirs=/home/alwaysqq/IdeaProjects/homeWork/apache-tomcat-8.0.33/endorsed
20-Jun-2016 17:52:04.625 INFO [main] org.apache.catalina.startup.VersionLoggerListener.log Command line argument: -Dcatalina.base=/home/alwaysqq/IdeaProjects/homeWork/apache-tomcat-8.0.33
20-Jun-2016 17:52:04.625 INFO [main] org.apache.catalina.startup.VersionLoggerListener.log Command line argument: -Dcatalina.home=/home/alwaysqq/IdeaProjects/homeWork/apache-tomcat-8.0.33
20-Jun-2016 17:52:04.625 INFO [main] org.apache.catalina.startup.VersionLoggerListener.log Command line argument: -Djava.io.tmpdir=/home/alwaysqq/IdeaProjects/homeWork/apache-tomcat-8.0.33/temp
20-Jun-2016 17:52:04.625 INFO [main] org.apache.catalina.core.AprLifecycleListener.lifecycleEvent The APR based Apache Tomcat Native library which allows optimal performance in production environments was not found on the java.library.path: /usr/java/packages/lib/amd64:/usr/lib64:/lib64:/lib:/usr/lib
20-Jun-2016 17:52:04.733 INFO [main] org.apache.coyote.AbstractProtocol.init Initializing ProtocolHandler ["http-nio-80"]
20-Jun-2016 17:52:04.744 INFO [main] org.apache.tomcat.util.net.NioSelectorPool.getSharedSelector Using a shared selector for servlet write/read
20-Jun-2016 17:52:04.746 INFO [main] org.apache.coyote.AbstractProtocol.init Initializing ProtocolHandler ["ajp-nio-8009"]
20-Jun-2016 17:52:04.747 INFO [main] org.apache.tomcat.util.net.NioSelectorPool.getSharedSelector Using a shared selector for servlet write/read
20-Jun-2016 17:52:04.747 INFO [main] org.apache.catalina.startup.Catalina.load Initialization processed in 429 ms
20-Jun-2016 17:52:04.762 INFO [main] org.apache.catalina.core.StandardService.startInternal Starting service Catalina
20-Jun-2016 17:52:04.762 INFO [main] org.apache.catalina.core.StandardEngine.startInternal Starting Servlet Engine: Apache Tomcat/8.0.33
20-Jun-2016 17:52:04.990 INFO [main] org.apache.coyote.AbstractProtocol.start Starting ProtocolHandler ["http-nio-80"]
20-Jun-2016 17:52:05.018 INFO [main] org.apache.coyote.AbstractProtocol.start Starting ProtocolHandler ["ajp-nio-8009"]
20-Jun-2016 17:52:05.019 INFO [main] org.apache.catalina.startup.Catalina.start Server startup in 271 ms
