03-May-2016 00:23:51.676 INFO [ContainerBackgroundProcessor[StandardEngine[Catalina]]] org.apache.catalina.core.StandardContext.reload Reloading Context with name [] has started
03-May-2016 00:23:51.702 INFO [ContainerBackgroundProcessor[StandardEngine[Catalina]]] org.apache.catalina.core.StandardContext.reload Reloading Context with name [] is completed
03-May-2016 00:27:11.712 INFO [ContainerBackgroundProcessor[StandardEngine[Catalina]]] org.apache.catalina.core.StandardContext.reload Reloading Context with name [] has started
03-May-2016 00:27:11.740 INFO [ContainerBackgroundProcessor[StandardEngine[Catalina]]] org.apache.catalina.core.StandardContext.reload Reloading Context with name [] is completed
03-May-2016 00:55:41.819 INFO [ContainerBackgroundProcessor[StandardEngine[Catalina]]] org.apache.catalina.core.StandardContext.reload Reloading Context with name [] has started
03-May-2016 00:55:41.836 INFO [ContainerBackgroundProcessor[StandardEngine[Catalina]]] org.apache.catalina.core.StandardContext.reload Reloading Context with name [] is completed
03-May-2016 00:56:02.346 INFO [main] org.apache.catalina.core.StandardServer.await A valid shutdown command was received via the shutdown port. Stopping the Server instance.
03-May-2016 00:56:02.346 INFO [main] org.apache.coyote.AbstractProtocol.pause Pausing ProtocolHandler ["http-nio-80"]
03-May-2016 00:56:02.398 INFO [main] org.apache.coyote.AbstractProtocol.pause Pausing ProtocolHandler ["ajp-nio-8009"]
03-May-2016 00:56:02.449 INFO [main] org.apache.catalina.core.StandardService.stopInternal Stopping service Catalina
03-May-2016 00:56:02.461 INFO [main] org.apache.coyote.AbstractProtocol.stop Stopping ProtocolHandler ["http-nio-80"]
03-May-2016 00:56:02.464 INFO [main] org.apache.coyote.AbstractProtocol.stop Stopping ProtocolHandler ["ajp-nio-8009"]
03-May-2016 00:56:02.464 INFO [main] org.apache.coyote.AbstractProtocol.destroy Destroying ProtocolHandler ["http-nio-80"]
03-May-2016 00:56:02.465 INFO [main] org.apache.coyote.AbstractProtocol.destroy Destroying ProtocolHandler ["ajp-nio-8009"]
03-May-2016 00:56:19.261 INFO [main] org.apache.catalina.startup.VersionLoggerListener.log Server version:        Apache Tomcat/8.0.33
03-May-2016 00:56:19.262 INFO [main] org.apache.catalina.startup.VersionLoggerListener.log Server built:          Mar 18 2016 20:31:49 UTC
03-May-2016 00:56:19.262 INFO [main] org.apache.catalina.startup.VersionLoggerListener.log Server number:         8.0.33.0
03-May-2016 00:56:19.262 INFO [main] org.apache.catalina.startup.VersionLoggerListener.log OS Name:               Linux
03-May-2016 00:56:19.262 INFO [main] org.apache.catalina.startup.VersionLoggerListener.log OS Version:            4.2.0-27-generic
03-May-2016 00:56:19.262 INFO [main] org.apache.catalina.startup.VersionLoggerListener.log Architecture:          amd64
03-May-2016 00:56:19.262 INFO [main] org.apache.catalina.startup.VersionLoggerListener.log Java Home:             /usr/local/java/jdk1.8.0_73/jre
03-May-2016 00:56:19.263 INFO [main] org.apache.catalina.startup.VersionLoggerListener.log JVM Version:           1.8.0_73-b02
03-May-2016 00:56:19.263 INFO [main] org.apache.catalina.startup.VersionLoggerListener.log JVM Vendor:            Oracle Corporation
03-May-2016 00:56:19.263 INFO [main] org.apache.catalina.startup.VersionLoggerListener.log CATALINA_BASE:         /home/alwaysqq/IdeaProjects/arc1/apache-tomcat-8.0.33
03-May-2016 00:56:19.263 INFO [main] org.apache.catalina.startup.VersionLoggerListener.log CATALINA_HOME:         /home/alwaysqq/IdeaProjects/arc1/apache-tomcat-8.0.33
03-May-2016 00:56:19.263 INFO [main] org.apache.catalina.startup.VersionLoggerListener.log Command line argument: -Djava.util.logging.config.file=/home/alwaysqq/IdeaProjects/arc1/apache-tomcat-8.0.33/conf/logging.properties
03-May-2016 00:56:19.263 INFO [main] org.apache.catalina.startup.VersionLoggerListener.log Command line argument: -Djava.util.logging.manager=org.apache.juli.ClassLoaderLogManager
03-May-2016 00:56:19.263 INFO [main] org.apache.catalina.startup.VersionLoggerListener.log Command line argument: -Djava.endorsed.dirs=/home/alwaysqq/IdeaProjects/arc1/apache-tomcat-8.0.33/endorsed
03-May-2016 00:56:19.263 INFO [main] org.apache.catalina.startup.VersionLoggerListener.log Command line argument: -Dcatalina.base=/home/alwaysqq/IdeaProjects/arc1/apache-tomcat-8.0.33
03-May-2016 00:56:19.263 INFO [main] org.apache.catalina.startup.VersionLoggerListener.log Command line argument: -Dcatalina.home=/home/alwaysqq/IdeaProjects/arc1/apache-tomcat-8.0.33
03-May-2016 00:56:19.263 INFO [main] org.apache.catalina.startup.VersionLoggerListener.log Command line argument: -Djava.io.tmpdir=/home/alwaysqq/IdeaProjects/arc1/apache-tomcat-8.0.33/temp
03-May-2016 00:56:19.263 INFO [main] org.apache.catalina.core.AprLifecycleListener.lifecycleEvent The APR based Apache Tomcat Native library which allows optimal performance in production environments was not found on the java.library.path: /usr/java/packages/lib/amd64:/usr/lib64:/lib64:/lib:/usr/lib
03-May-2016 00:56:19.375 INFO [main] org.apache.coyote.AbstractProtocol.init Initializing ProtocolHandler ["http-nio-80"]
03-May-2016 00:56:19.387 INFO [main] org.apache.tomcat.util.net.NioSelectorPool.getSharedSelector Using a shared selector for servlet write/read
03-May-2016 00:56:19.389 INFO [main] org.apache.coyote.AbstractProtocol.init Initializing ProtocolHandler ["ajp-nio-8009"]
03-May-2016 00:56:19.391 INFO [main] org.apache.tomcat.util.net.NioSelectorPool.getSharedSelector Using a shared selector for servlet write/read
03-May-2016 00:56:19.391 INFO [main] org.apache.catalina.startup.Catalina.load Initialization processed in 430 ms
03-May-2016 00:56:19.406 INFO [main] org.apache.catalina.core.StandardService.startInternal Starting service Catalina
03-May-2016 00:56:19.406 INFO [main] org.apache.catalina.core.StandardEngine.startInternal Starting Servlet Engine: Apache Tomcat/8.0.33
03-May-2016 00:56:19.601 INFO [main] org.apache.coyote.AbstractProtocol.start Starting ProtocolHandler ["http-nio-80"]
03-May-2016 00:56:19.604 INFO [main] org.apache.coyote.AbstractProtocol.start Starting ProtocolHandler ["ajp-nio-8009"]
03-May-2016 00:56:19.623 INFO [main] org.apache.catalina.startup.Catalina.start Server startup in 232 ms
03-May-2016 00:58:19.612 INFO [ContainerBackgroundProcessor[StandardEngine[Catalina]]] org.apache.catalina.core.StandardContext.reload Reloading Context with name [] has started
03-May-2016 00:58:19.660 INFO [ContainerBackgroundProcessor[StandardEngine[Catalina]]] org.apache.catalina.core.StandardContext.reload Reloading Context with name [] is completed
03-May-2016 01:01:05.713 INFO [main] org.apache.catalina.core.StandardServer.await A valid shutdown command was received via the shutdown port. Stopping the Server instance.
03-May-2016 01:01:05.714 INFO [main] org.apache.coyote.AbstractProtocol.pause Pausing ProtocolHandler ["http-nio-80"]
03-May-2016 01:01:05.767 INFO [main] org.apache.coyote.AbstractProtocol.pause Pausing ProtocolHandler ["ajp-nio-8009"]
03-May-2016 01:01:05.817 INFO [main] org.apache.catalina.core.StandardService.stopInternal Stopping service Catalina
03-May-2016 01:01:05.829 INFO [main] org.apache.coyote.AbstractProtocol.stop Stopping ProtocolHandler ["http-nio-80"]
03-May-2016 01:01:05.833 INFO [main] org.apache.coyote.AbstractProtocol.stop Stopping ProtocolHandler ["ajp-nio-8009"]
03-May-2016 01:01:05.834 INFO [main] org.apache.coyote.AbstractProtocol.destroy Destroying ProtocolHandler ["http-nio-80"]
03-May-2016 01:01:05.845 INFO [main] org.apache.coyote.AbstractProtocol.destroy Destroying ProtocolHandler ["ajp-nio-8009"]
03-May-2016 01:01:07.736 INFO [main] org.apache.catalina.startup.VersionLoggerListener.log Server version:        Apache Tomcat/8.0.33
03-May-2016 01:01:07.737 INFO [main] org.apache.catalina.startup.VersionLoggerListener.log Server built:          Mar 18 2016 20:31:49 UTC
03-May-2016 01:01:07.737 INFO [main] org.apache.catalina.startup.VersionLoggerListener.log Server number:         8.0.33.0
03-May-2016 01:01:07.738 INFO [main] org.apache.catalina.startup.VersionLoggerListener.log OS Name:               Linux
03-May-2016 01:01:07.738 INFO [main] org.apache.catalina.startup.VersionLoggerListener.log OS Version:            4.2.0-27-generic
03-May-2016 01:01:07.738 INFO [main] org.apache.catalina.startup.VersionLoggerListener.log Architecture:          amd64
03-May-2016 01:01:07.738 INFO [main] org.apache.catalina.startup.VersionLoggerListener.log Java Home:             /usr/local/java/jdk1.8.0_73/jre
03-May-2016 01:01:07.738 INFO [main] org.apache.catalina.startup.VersionLoggerListener.log JVM Version:           1.8.0_73-b02
03-May-2016 01:01:07.738 INFO [main] org.apache.catalina.startup.VersionLoggerListener.log JVM Vendor:            Oracle Corporation
03-May-2016 01:01:07.738 INFO [main] org.apache.catalina.startup.VersionLoggerListener.log CATALINA_BASE:         /home/alwaysqq/IdeaProjects/arc1/apache-tomcat-8.0.33
03-May-2016 01:01:07.738 INFO [main] org.apache.catalina.startup.VersionLoggerListener.log CATALINA_HOME:         /home/alwaysqq/IdeaProjects/arc1/apache-tomcat-8.0.33
03-May-2016 01:01:07.738 INFO [main] org.apache.catalina.startup.VersionLoggerListener.log Command line argument: -Djava.util.logging.config.file=/home/alwaysqq/IdeaProjects/arc1/apache-tomcat-8.0.33/conf/logging.properties
03-May-2016 01:01:07.738 INFO [main] org.apache.catalina.startup.VersionLoggerListener.log Command line argument: -Djava.util.logging.manager=org.apache.juli.ClassLoaderLogManager
03-May-2016 01:01:07.739 INFO [main] org.apache.catalina.startup.VersionLoggerListener.log Command line argument: -Djava.endorsed.dirs=/home/alwaysqq/IdeaProjects/arc1/apache-tomcat-8.0.33/endorsed
03-May-2016 01:01:07.739 INFO [main] org.apache.catalina.startup.VersionLoggerListener.log Command line argument: -Dcatalina.base=/home/alwaysqq/IdeaProjects/arc1/apache-tomcat-8.0.33
03-May-2016 01:01:07.739 INFO [main] org.apache.catalina.startup.VersionLoggerListener.log Command line argument: -Dcatalina.home=/home/alwaysqq/IdeaProjects/arc1/apache-tomcat-8.0.33
03-May-2016 01:01:07.739 INFO [main] org.apache.catalina.startup.VersionLoggerListener.log Command line argument: -Djava.io.tmpdir=/home/alwaysqq/IdeaProjects/arc1/apache-tomcat-8.0.33/temp
03-May-2016 01:01:07.739 INFO [main] org.apache.catalina.core.AprLifecycleListener.lifecycleEvent The APR based Apache Tomcat Native library which allows optimal performance in production environments was not found on the java.library.path: /usr/java/packages/lib/amd64:/usr/lib64:/lib64:/lib:/usr/lib
03-May-2016 01:01:07.875 INFO [main] org.apache.coyote.AbstractProtocol.init Initializing ProtocolHandler ["http-nio-80"]
03-May-2016 01:01:07.888 INFO [main] org.apache.tomcat.util.net.NioSelectorPool.getSharedSelector Using a shared selector for servlet write/read
03-May-2016 01:01:07.891 INFO [main] org.apache.coyote.AbstractProtocol.init Initializing ProtocolHandler ["ajp-nio-8009"]
03-May-2016 01:01:07.892 INFO [main] org.apache.tomcat.util.net.NioSelectorPool.getSharedSelector Using a shared selector for servlet write/read
03-May-2016 01:01:07.893 INFO [main] org.apache.catalina.startup.Catalina.load Initialization processed in 516 ms
03-May-2016 01:01:07.913 INFO [main] org.apache.catalina.core.StandardService.startInternal Starting service Catalina
03-May-2016 01:01:07.913 INFO [main] org.apache.catalina.core.StandardEngine.startInternal Starting Servlet Engine: Apache Tomcat/8.0.33
03-May-2016 01:01:08.151 INFO [main] org.apache.coyote.AbstractProtocol.start Starting ProtocolHandler ["http-nio-80"]
03-May-2016 01:01:08.155 INFO [main] org.apache.coyote.AbstractProtocol.start Starting ProtocolHandler ["ajp-nio-8009"]
03-May-2016 01:01:08.176 INFO [main] org.apache.catalina.startup.Catalina.start Server startup in 283 ms
03-May-2016 01:01:20.944 INFO [main] org.apache.catalina.core.StandardServer.await A valid shutdown command was received via the shutdown port. Stopping the Server instance.
03-May-2016 01:01:20.944 INFO [main] org.apache.coyote.AbstractProtocol.pause Pausing ProtocolHandler ["http-nio-80"]
03-May-2016 01:01:20.997 INFO [main] org.apache.coyote.AbstractProtocol.pause Pausing ProtocolHandler ["ajp-nio-8009"]
03-May-2016 01:01:21.048 INFO [main] org.apache.catalina.core.StandardService.stopInternal Stopping service Catalina
03-May-2016 01:01:21.067 INFO [main] org.apache.coyote.AbstractProtocol.stop Stopping ProtocolHandler ["http-nio-80"]
03-May-2016 01:01:21.069 INFO [main] org.apache.coyote.AbstractProtocol.stop Stopping ProtocolHandler ["ajp-nio-8009"]
03-May-2016 01:01:21.069 INFO [main] org.apache.coyote.AbstractProtocol.destroy Destroying ProtocolHandler ["http-nio-80"]
03-May-2016 01:01:21.070 INFO [main] org.apache.coyote.AbstractProtocol.destroy Destroying ProtocolHandler ["ajp-nio-8009"]
03-May-2016 01:01:25.955 INFO [main] org.apache.catalina.startup.VersionLoggerListener.log Server version:        Apache Tomcat/8.0.33
03-May-2016 01:01:25.956 INFO [main] org.apache.catalina.startup.VersionLoggerListener.log Server built:          Mar 18 2016 20:31:49 UTC
03-May-2016 01:01:25.956 INFO [main] org.apache.catalina.startup.VersionLoggerListener.log Server number:         8.0.33.0
03-May-2016 01:01:25.956 INFO [main] org.apache.catalina.startup.VersionLoggerListener.log OS Name:               Linux
03-May-2016 01:01:25.956 INFO [main] org.apache.catalina.startup.VersionLoggerListener.log OS Version:            4.2.0-27-generic
03-May-2016 01:01:25.956 INFO [main] org.apache.catalina.startup.VersionLoggerListener.log Architecture:          amd64
03-May-2016 01:01:25.956 INFO [main] org.apache.catalina.startup.VersionLoggerListener.log Java Home:             /usr/local/java/jdk1.8.0_73/jre
03-May-2016 01:01:25.956 INFO [main] org.apache.catalina.startup.VersionLoggerListener.log JVM Version:           1.8.0_73-b02
03-May-2016 01:01:25.956 INFO [main] org.apache.catalina.startup.VersionLoggerListener.log JVM Vendor:            Oracle Corporation
03-May-2016 01:01:25.956 INFO [main] org.apache.catalina.startup.VersionLoggerListener.log CATALINA_BASE:         /home/alwaysqq/IdeaProjects/arc1/apache-tomcat-8.0.33
03-May-2016 01:01:25.957 INFO [main] org.apache.catalina.startup.VersionLoggerListener.log CATALINA_HOME:         /home/alwaysqq/IdeaProjects/arc1/apache-tomcat-8.0.33
03-May-2016 01:01:25.957 INFO [main] org.apache.catalina.startup.VersionLoggerListener.log Command line argument: -Djava.util.logging.config.file=/home/alwaysqq/IdeaProjects/arc1/apache-tomcat-8.0.33/conf/logging.properties
03-May-2016 01:01:25.957 INFO [main] org.apache.catalina.startup.VersionLoggerListener.log Command line argument: -Djava.util.logging.manager=org.apache.juli.ClassLoaderLogManager
03-May-2016 01:01:25.957 INFO [main] org.apache.catalina.startup.VersionLoggerListener.log Command line argument: -Djava.endorsed.dirs=/home/alwaysqq/IdeaProjects/arc1/apache-tomcat-8.0.33/endorsed
03-May-2016 01:01:25.957 INFO [main] org.apache.catalina.startup.VersionLoggerListener.log Command line argument: -Dcatalina.base=/home/alwaysqq/IdeaProjects/arc1/apache-tomcat-8.0.33
03-May-2016 01:01:25.957 INFO [main] org.apache.catalina.startup.VersionLoggerListener.log Command line argument: -Dcatalina.home=/home/alwaysqq/IdeaProjects/arc1/apache-tomcat-8.0.33
03-May-2016 01:01:25.957 INFO [main] org.apache.catalina.startup.VersionLoggerListener.log Command line argument: -Djava.io.tmpdir=/home/alwaysqq/IdeaProjects/arc1/apache-tomcat-8.0.33/temp
03-May-2016 01:01:25.957 INFO [main] org.apache.catalina.core.AprLifecycleListener.lifecycleEvent The APR based Apache Tomcat Native library which allows optimal performance in production environments was not found on the java.library.path: /usr/java/packages/lib/amd64:/usr/lib64:/lib64:/lib:/usr/lib
03-May-2016 01:01:26.103 INFO [main] org.apache.coyote.AbstractProtocol.init Initializing ProtocolHandler ["http-nio-80"]
03-May-2016 01:01:26.120 INFO [main] org.apache.tomcat.util.net.NioSelectorPool.getSharedSelector Using a shared selector for servlet write/read
03-May-2016 01:01:26.123 INFO [main] org.apache.coyote.AbstractProtocol.init Initializing ProtocolHandler ["ajp-nio-8009"]
03-May-2016 01:01:26.124 INFO [main] org.apache.tomcat.util.net.NioSelectorPool.getSharedSelector Using a shared selector for servlet write/read
03-May-2016 01:01:26.124 INFO [main] org.apache.catalina.startup.Catalina.load Initialization processed in 504 ms
03-May-2016 01:01:26.141 INFO [main] org.apache.catalina.core.StandardService.startInternal Starting service Catalina
03-May-2016 01:01:26.141 INFO [main] org.apache.catalina.core.StandardEngine.startInternal Starting Servlet Engine: Apache Tomcat/8.0.33
03-May-2016 01:01:26.369 INFO [main] org.apache.coyote.AbstractProtocol.start Starting ProtocolHandler ["http-nio-80"]
03-May-2016 01:01:26.374 INFO [main] org.apache.coyote.AbstractProtocol.start Starting ProtocolHandler ["ajp-nio-8009"]
03-May-2016 01:01:26.379 INFO [main] org.apache.catalina.startup.Catalina.start Server startup in 254 ms
03-May-2016 01:03:46.382 INFO [ContainerBackgroundProcessor[StandardEngine[Catalina]]] org.apache.catalina.core.StandardContext.reload Reloading Context with name [] has started
03-May-2016 01:03:46.432 INFO [ContainerBackgroundProcessor[StandardEngine[Catalina]]] org.apache.catalina.core.StandardContext.reload Reloading Context with name [] is completed
03-May-2016 01:04:04.963 INFO [main] org.apache.catalina.core.StandardServer.await A valid shutdown command was received via the shutdown port. Stopping the Server instance.
03-May-2016 01:04:04.963 INFO [main] org.apache.coyote.AbstractProtocol.pause Pausing ProtocolHandler ["http-nio-80"]
03-May-2016 01:04:05.016 INFO [main] org.apache.coyote.AbstractProtocol.pause Pausing ProtocolHandler ["ajp-nio-8009"]
03-May-2016 01:04:05.067 INFO [main] org.apache.catalina.core.StandardService.stopInternal Stopping service Catalina
03-May-2016 01:04:05.078 INFO [main] org.apache.coyote.AbstractProtocol.stop Stopping ProtocolHandler ["http-nio-80"]
03-May-2016 01:04:05.081 INFO [main] org.apache.coyote.AbstractProtocol.stop Stopping ProtocolHandler ["ajp-nio-8009"]
03-May-2016 01:04:05.082 INFO [main] org.apache.coyote.AbstractProtocol.destroy Destroying ProtocolHandler ["http-nio-80"]
03-May-2016 01:04:05.082 INFO [main] org.apache.coyote.AbstractProtocol.destroy Destroying ProtocolHandler ["ajp-nio-8009"]
03-May-2016 01:04:17.705 INFO [main] org.apache.catalina.startup.VersionLoggerListener.log Server version:        Apache Tomcat/8.0.33
03-May-2016 01:04:17.706 INFO [main] org.apache.catalina.startup.VersionLoggerListener.log Server built:          Mar 18 2016 20:31:49 UTC
03-May-2016 01:04:17.706 INFO [main] org.apache.catalina.startup.VersionLoggerListener.log Server number:         8.0.33.0
03-May-2016 01:04:17.706 INFO [main] org.apache.catalina.startup.VersionLoggerListener.log OS Name:               Linux
03-May-2016 01:04:17.706 INFO [main] org.apache.catalina.startup.VersionLoggerListener.log OS Version:            4.2.0-27-generic
03-May-2016 01:04:17.706 INFO [main] org.apache.catalina.startup.VersionLoggerListener.log Architecture:          amd64
03-May-2016 01:04:17.706 INFO [main] org.apache.catalina.startup.VersionLoggerListener.log Java Home:             /usr/local/java/jdk1.8.0_73/jre
03-May-2016 01:04:17.706 INFO [main] org.apache.catalina.startup.VersionLoggerListener.log JVM Version:           1.8.0_73-b02
03-May-2016 01:04:17.706 INFO [main] org.apache.catalina.startup.VersionLoggerListener.log JVM Vendor:            Oracle Corporation
03-May-2016 01:04:17.707 INFO [main] org.apache.catalina.startup.VersionLoggerListener.log CATALINA_BASE:         /home/alwaysqq/IdeaProjects/arc1/apache-tomcat-8.0.33
03-May-2016 01:04:17.707 INFO [main] org.apache.catalina.startup.VersionLoggerListener.log CATALINA_HOME:         /home/alwaysqq/IdeaProjects/arc1/apache-tomcat-8.0.33
03-May-2016 01:04:17.707 INFO [main] org.apache.catalina.startup.VersionLoggerListener.log Command line argument: -Djava.util.logging.config.file=/home/alwaysqq/IdeaProjects/arc1/apache-tomcat-8.0.33/conf/logging.properties
03-May-2016 01:04:17.707 INFO [main] org.apache.catalina.startup.VersionLoggerListener.log Command line argument: -Djava.util.logging.manager=org.apache.juli.ClassLoaderLogManager
03-May-2016 01:04:17.707 INFO [main] org.apache.catalina.startup.VersionLoggerListener.log Command line argument: -Djava.endorsed.dirs=/home/alwaysqq/IdeaProjects/arc1/apache-tomcat-8.0.33/endorsed
03-May-2016 01:04:17.707 INFO [main] org.apache.catalina.startup.VersionLoggerListener.log Command line argument: -Dcatalina.base=/home/alwaysqq/IdeaProjects/arc1/apache-tomcat-8.0.33
03-May-2016 01:04:17.707 INFO [main] org.apache.catalina.startup.VersionLoggerListener.log Command line argument: -Dcatalina.home=/home/alwaysqq/IdeaProjects/arc1/apache-tomcat-8.0.33
03-May-2016 01:04:17.707 INFO [main] org.apache.catalina.startup.VersionLoggerListener.log Command line argument: -Djava.io.tmpdir=/home/alwaysqq/IdeaProjects/arc1/apache-tomcat-8.0.33/temp
03-May-2016 01:04:17.707 INFO [main] org.apache.catalina.core.AprLifecycleListener.lifecycleEvent The APR based Apache Tomcat Native library which allows optimal performance in production environments was not found on the java.library.path: /usr/java/packages/lib/amd64:/usr/lib64:/lib64:/lib:/usr/lib
03-May-2016 01:04:17.816 INFO [main] org.apache.coyote.AbstractProtocol.init Initializing ProtocolHandler ["http-nio-80"]
03-May-2016 01:04:17.828 INFO [main] org.apache.tomcat.util.net.NioSelectorPool.getSharedSelector Using a shared selector for servlet write/read
03-May-2016 01:04:17.830 INFO [main] org.apache.coyote.AbstractProtocol.init Initializing ProtocolHandler ["ajp-nio-8009"]
03-May-2016 01:04:17.831 INFO [main] org.apache.tomcat.util.net.NioSelectorPool.getSharedSelector Using a shared selector for servlet write/read
03-May-2016 01:04:17.831 INFO [main] org.apache.catalina.startup.Catalina.load Initialization processed in 422 ms
03-May-2016 01:04:17.847 INFO [main] org.apache.catalina.core.StandardService.startInternal Starting service Catalina
03-May-2016 01:04:17.847 INFO [main] org.apache.catalina.core.StandardEngine.startInternal Starting Servlet Engine: Apache Tomcat/8.0.33
03-May-2016 01:04:18.047 INFO [main] org.apache.coyote.AbstractProtocol.start Starting ProtocolHandler ["http-nio-80"]
03-May-2016 01:04:18.051 INFO [main] org.apache.coyote.AbstractProtocol.start Starting ProtocolHandler ["ajp-nio-8009"]
03-May-2016 01:04:18.067 INFO [main] org.apache.catalina.startup.Catalina.start Server startup in 235 ms
03-May-2016 01:06:08.057 INFO [ContainerBackgroundProcessor[StandardEngine[Catalina]]] org.apache.catalina.core.StandardContext.reload Reloading Context with name [] has started
03-May-2016 01:06:08.112 INFO [ContainerBackgroundProcessor[StandardEngine[Catalina]]] org.apache.catalina.core.StandardContext.reload Reloading Context with name [] is completed
03-May-2016 01:06:58.115 INFO [ContainerBackgroundProcessor[StandardEngine[Catalina]]] org.apache.catalina.core.StandardContext.reload Reloading Context with name [] has started
03-May-2016 01:06:58.136 INFO [ContainerBackgroundProcessor[StandardEngine[Catalina]]] org.apache.catalina.core.StandardContext.reload Reloading Context with name [] is completed
03-May-2016 01:07:18.137 INFO [ContainerBackgroundProcessor[StandardEngine[Catalina]]] org.apache.catalina.core.StandardContext.reload Reloading Context with name [] has started
03-May-2016 01:07:18.162 INFO [ContainerBackgroundProcessor[StandardEngine[Catalina]]] org.apache.catalina.core.StandardContext.reload Reloading Context with name [] is completed
03-May-2016 01:15:08.193 INFO [ContainerBackgroundProcessor[StandardEngine[Catalina]]] org.apache.catalina.core.StandardContext.reload Reloading Context with name [] has started
03-May-2016 01:15:08.222 INFO [ContainerBackgroundProcessor[StandardEngine[Catalina]]] org.apache.catalina.core.StandardContext.reload Reloading Context with name [] is completed
03-May-2016 01:15:28.223 INFO [ContainerBackgroundProcessor[StandardEngine[Catalina]]] org.apache.catalina.core.StandardContext.reload Reloading Context with name [] has started
03-May-2016 01:15:28.256 INFO [ContainerBackgroundProcessor[StandardEngine[Catalina]]] org.apache.catalina.core.StandardContext.reload Reloading Context with name [] is completed
03-May-2016 01:20:28.276 INFO [ContainerBackgroundProcessor[StandardEngine[Catalina]]] org.apache.catalina.core.StandardContext.reload Reloading Context with name [] has started
03-May-2016 01:20:28.309 INFO [ContainerBackgroundProcessor[StandardEngine[Catalina]]] org.apache.catalina.core.StandardContext.reload Reloading Context with name [] is completed
03-May-2016 01:21:48.315 INFO [ContainerBackgroundProcessor[StandardEngine[Catalina]]] org.apache.catalina.core.StandardContext.reload Reloading Context with name [] has started
03-May-2016 01:21:48.344 INFO [ContainerBackgroundProcessor[StandardEngine[Catalina]]] org.apache.catalina.core.StandardContext.reload Reloading Context with name [] is completed
03-May-2016 01:23:18.350 INFO [ContainerBackgroundProcessor[StandardEngine[Catalina]]] org.apache.catalina.core.StandardContext.reload Reloading Context with name [] has started
03-May-2016 01:23:18.377 INFO [ContainerBackgroundProcessor[StandardEngine[Catalina]]] org.apache.catalina.core.StandardContext.reload Reloading Context with name [] is completed
03-May-2016 01:25:28.386 INFO [ContainerBackgroundProcessor[StandardEngine[Catalina]]] org.apache.catalina.core.StandardContext.reload Reloading Context with name [] has started
03-May-2016 01:25:28.414 INFO [ContainerBackgroundProcessor[StandardEngine[Catalina]]] org.apache.catalina.core.StandardContext.reload Reloading Context with name [] is completed
03-May-2016 01:26:08.417 INFO [ContainerBackgroundProcessor[StandardEngine[Catalina]]] org.apache.catalina.core.StandardContext.reload Reloading Context with name [] has started
03-May-2016 01:26:08.443 INFO [ContainerBackgroundProcessor[StandardEngine[Catalina]]] org.apache.catalina.core.StandardContext.reload Reloading Context with name [] is completed
03-May-2016 01:27:08.448 INFO [ContainerBackgroundProcessor[StandardEngine[Catalina]]] org.apache.catalina.core.StandardContext.reload Reloading Context with name [] has started
03-May-2016 01:27:08.472 INFO [ContainerBackgroundProcessor[StandardEngine[Catalina]]] org.apache.catalina.core.StandardContext.reload Reloading Context with name [] is completed
03-May-2016 01:28:18.478 INFO [ContainerBackgroundProcessor[StandardEngine[Catalina]]] org.apache.catalina.core.StandardContext.reload Reloading Context with name [] has started
03-May-2016 01:28:18.509 INFO [ContainerBackgroundProcessor[StandardEngine[Catalina]]] org.apache.catalina.core.StandardContext.reload Reloading Context with name [] is completed
03-May-2016 01:31:08.522 INFO [ContainerBackgroundProcessor[StandardEngine[Catalina]]] org.apache.catalina.core.StandardContext.reload Reloading Context with name [] has started
03-May-2016 01:31:08.551 INFO [ContainerBackgroundProcessor[StandardEngine[Catalina]]] org.apache.catalina.core.StandardContext.reload Reloading Context with name [] is completed
03-May-2016 01:33:58.563 INFO [ContainerBackgroundProcessor[StandardEngine[Catalina]]] org.apache.catalina.core.StandardContext.reload Reloading Context with name [] has started
03-May-2016 01:33:58.580 INFO [ContainerBackgroundProcessor[StandardEngine[Catalina]]] org.apache.catalina.core.StandardContext.reload Reloading Context with name [] is completed
03-May-2016 01:37:54.369 INFO [main] org.apache.catalina.startup.VersionLoggerListener.log Server version:        Apache Tomcat/8.0.33
03-May-2016 01:37:54.371 INFO [main] org.apache.catalina.startup.VersionLoggerListener.log Server built:          Mar 18 2016 20:31:49 UTC
03-May-2016 01:37:54.371 INFO [main] org.apache.catalina.startup.VersionLoggerListener.log Server number:         8.0.33.0
03-May-2016 01:37:54.371 INFO [main] org.apache.catalina.startup.VersionLoggerListener.log OS Name:               Linux
03-May-2016 01:37:54.371 INFO [main] org.apache.catalina.startup.VersionLoggerListener.log OS Version:            4.2.0-27-generic
03-May-2016 01:37:54.371 INFO [main] org.apache.catalina.startup.VersionLoggerListener.log Architecture:          amd64
03-May-2016 01:37:54.371 INFO [main] org.apache.catalina.startup.VersionLoggerListener.log Java Home:             /usr/local/java/jdk1.8.0_73/jre
03-May-2016 01:37:54.371 INFO [main] org.apache.catalina.startup.VersionLoggerListener.log JVM Version:           1.8.0_73-b02
03-May-2016 01:37:54.371 INFO [main] org.apache.catalina.startup.VersionLoggerListener.log JVM Vendor:            Oracle Corporation
03-May-2016 01:37:54.371 INFO [main] org.apache.catalina.startup.VersionLoggerListener.log CATALINA_BASE:         /home/alwaysqq/IdeaProjects/arc1/apache-tomcat-8.0.33
03-May-2016 01:37:54.371 INFO [main] org.apache.catalina.startup.VersionLoggerListener.log CATALINA_HOME:         /home/alwaysqq/IdeaProjects/arc1/apache-tomcat-8.0.33
03-May-2016 01:37:54.372 INFO [main] org.apache.catalina.startup.VersionLoggerListener.log Command line argument: -Djava.util.logging.config.file=/home/alwaysqq/IdeaProjects/arc1/apache-tomcat-8.0.33/conf/logging.properties
03-May-2016 01:37:54.372 INFO [main] org.apache.catalina.startup.VersionLoggerListener.log Command line argument: -Djava.util.logging.manager=org.apache.juli.ClassLoaderLogManager
03-May-2016 01:37:54.372 INFO [main] org.apache.catalina.startup.VersionLoggerListener.log Command line argument: -Djava.endorsed.dirs=/home/alwaysqq/IdeaProjects/arc1/apache-tomcat-8.0.33/endorsed
03-May-2016 01:37:54.372 INFO [main] org.apache.catalina.startup.VersionLoggerListener.log Command line argument: -Dcatalina.base=/home/alwaysqq/IdeaProjects/arc1/apache-tomcat-8.0.33
03-May-2016 01:37:54.372 INFO [main] org.apache.catalina.startup.VersionLoggerListener.log Command line argument: -Dcatalina.home=/home/alwaysqq/IdeaProjects/arc1/apache-tomcat-8.0.33
03-May-2016 01:37:54.372 INFO [main] org.apache.catalina.startup.VersionLoggerListener.log Command line argument: -Djava.io.tmpdir=/home/alwaysqq/IdeaProjects/arc1/apache-tomcat-8.0.33/temp
03-May-2016 01:37:54.372 INFO [main] org.apache.catalina.core.AprLifecycleListener.lifecycleEvent The APR based Apache Tomcat Native library which allows optimal performance in production environments was not found on the java.library.path: /usr/java/packages/lib/amd64:/usr/lib64:/lib64:/lib:/usr/lib
03-May-2016 01:37:54.518 INFO [main] org.apache.coyote.AbstractProtocol.init Initializing ProtocolHandler ["http-nio-80"]
03-May-2016 01:37:54.528 SEVERE [main] org.apache.coyote.AbstractProtocol.init Failed to initialize end point associated with ProtocolHandler ["http-nio-80"]
 java.net.BindException: Address already in use
	at sun.nio.ch.Net.bind0(Native Method)
	at sun.nio.ch.Net.bind(Net.java:433)
	at sun.nio.ch.Net.bind(Net.java:425)
	at sun.nio.ch.ServerSocketChannelImpl.bind(ServerSocketChannelImpl.java:223)
	at sun.nio.ch.ServerSocketAdaptor.bind(ServerSocketAdaptor.java:74)
	at org.apache.tomcat.util.net.NioEndpoint.bind(NioEndpoint.java:340)
	at org.apache.tomcat.util.net.AbstractEndpoint.init(AbstractEndpoint.java:750)
	at org.apache.coyote.AbstractProtocol.init(AbstractProtocol.java:458)
	at org.apache.coyote.http11.AbstractHttp11JsseProtocol.init(AbstractHttp11JsseProtocol.java:120)
	at org.apache.catalina.connector.Connector.initInternal(Connector.java:960)
	at org.apache.catalina.util.LifecycleBase.init(LifecycleBase.java:102)
	at org.apache.catalina.core.StandardService.initInternal(StandardService.java:568)
	at org.apache.catalina.util.LifecycleBase.init(LifecycleBase.java:102)
	at org.apache.catalina.core.StandardServer.initInternal(StandardServer.java:869)
	at org.apache.catalina.util.LifecycleBase.init(LifecycleBase.java:102)
	at org.apache.catalina.startup.Catalina.load(Catalina.java:580)
	at org.apache.catalina.startup.Catalina.load(Catalina.java:603)
	at sun.reflect.NativeMethodAccessorImpl.invoke0(Native Method)
	at sun.reflect.NativeMethodAccessorImpl.invoke(NativeMethodAccessorImpl.java:62)
	at sun.reflect.DelegatingMethodAccessorImpl.invoke(DelegatingMethodAccessorImpl.java:43)
	at java.lang.reflect.Method.invoke(Method.java:497)
	at org.apache.catalina.startup.Bootstrap.load(Bootstrap.java:310)
	at org.apache.catalina.startup.Bootstrap.main(Bootstrap.java:484)

03-May-2016 01:37:54.529 SEVERE [main] org.apache.catalina.core.StandardService.initInternal Failed to initialize connector [Connector[HTTP/1.1-80]]
 org.apache.catalina.LifecycleException: Failed to initialize component [Connector[HTTP/1.1-80]]
	at org.apache.catalina.util.LifecycleBase.init(LifecycleBase.java:106)
	at org.apache.catalina.core.StandardService.initInternal(StandardService.java:568)
	at org.apache.catalina.util.LifecycleBase.init(LifecycleBase.java:102)
	at org.apache.catalina.core.StandardServer.initInternal(StandardServer.java:869)
	at org.apache.catalina.util.LifecycleBase.init(LifecycleBase.java:102)
	at org.apache.catalina.startup.Catalina.load(Catalina.java:580)
	at org.apache.catalina.startup.Catalina.load(Catalina.java:603)
	at sun.reflect.NativeMethodAccessorImpl.invoke0(Native Method)
	at sun.reflect.NativeMethodAccessorImpl.invoke(NativeMethodAccessorImpl.java:62)
	at sun.reflect.DelegatingMethodAccessorImpl.invoke(DelegatingMethodAccessorImpl.java:43)
	at java.lang.reflect.Method.invoke(Method.java:497)
	at org.apache.catalina.startup.Bootstrap.load(Bootstrap.java:310)
	at org.apache.catalina.startup.Bootstrap.main(Bootstrap.java:484)
Caused by: org.apache.catalina.LifecycleException: Protocol handler initialization failed
	at org.apache.catalina.connector.Connector.initInternal(Connector.java:962)
	at org.apache.catalina.util.LifecycleBase.init(LifecycleBase.java:102)
	... 12 more
Caused by: java.net.BindException: Address already in use
	at sun.nio.ch.Net.bind0(Native Method)
	at sun.nio.ch.Net.bind(Net.java:433)
	at sun.nio.ch.Net.bind(Net.java:425)
	at sun.nio.ch.ServerSocketChannelImpl.bind(ServerSocketChannelImpl.java:223)
	at sun.nio.ch.ServerSocketAdaptor.bind(ServerSocketAdaptor.java:74)
	at org.apache.tomcat.util.net.NioEndpoint.bind(NioEndpoint.java:340)
	at org.apache.tomcat.util.net.AbstractEndpoint.init(AbstractEndpoint.java:750)
	at org.apache.coyote.AbstractProtocol.init(AbstractProtocol.java:458)
	at org.apache.coyote.http11.AbstractHttp11JsseProtocol.init(AbstractHttp11JsseProtocol.java:120)
	at org.apache.catalina.connector.Connector.initInternal(Connector.java:960)
	... 13 more

03-May-2016 01:37:54.530 INFO [main] org.apache.coyote.AbstractProtocol.init Initializing ProtocolHandler ["ajp-nio-8009"]
03-May-2016 01:37:54.531 SEVERE [main] org.apache.coyote.AbstractProtocol.init Failed to initialize end point associated with ProtocolHandler ["ajp-nio-8009"]
 java.net.BindException: Address already in use
	at sun.nio.ch.Net.bind0(Native Method)
	at sun.nio.ch.Net.bind(Net.java:433)
	at sun.nio.ch.Net.bind(Net.java:425)
	at sun.nio.ch.ServerSocketChannelImpl.bind(ServerSocketChannelImpl.java:223)
	at sun.nio.ch.ServerSocketAdaptor.bind(ServerSocketAdaptor.java:74)
	at org.apache.tomcat.util.net.NioEndpoint.bind(NioEndpoint.java:340)
	at org.apache.tomcat.util.net.AbstractEndpoint.init(AbstractEndpoint.java:750)
	at org.apache.coyote.AbstractProtocol.init(AbstractProtocol.java:458)
	at org.apache.catalina.connector.Connector.initInternal(Connector.java:960)
	at org.apache.catalina.util.LifecycleBase.init(LifecycleBase.java:102)
	at org.apache.catalina.core.StandardService.initInternal(StandardService.java:568)
	at org.apache.catalina.util.LifecycleBase.init(LifecycleBase.java:102)
	at org.apache.catalina.core.StandardServer.initInternal(StandardServer.java:869)
	at org.apache.catalina.util.LifecycleBase.init(LifecycleBase.java:102)
	at org.apache.catalina.startup.Catalina.load(Catalina.java:580)
	at org.apache.catalina.startup.Catalina.load(Catalina.java:603)
	at sun.reflect.NativeMethodAccessorImpl.invoke0(Native Method)
	at sun.reflect.NativeMethodAccessorImpl.invoke(NativeMethodAccessorImpl.java:62)
	at sun.reflect.DelegatingMethodAccessorImpl.invoke(DelegatingMethodAccessorImpl.java:43)
	at java.lang.reflect.Method.invoke(Method.java:497)
	at org.apache.catalina.startup.Bootstrap.load(Bootstrap.java:310)
	at org.apache.catalina.startup.Bootstrap.main(Bootstrap.java:484)

03-May-2016 01:37:54.531 SEVERE [main] org.apache.catalina.core.StandardService.initInternal Failed to initialize connector [Connector[AJP/1.3-8009]]
 org.apache.catalina.LifecycleException: Failed to initialize component [Connector[AJP/1.3-8009]]
	at org.apache.catalina.util.LifecycleBase.init(LifecycleBase.java:106)
	at org.apache.catalina.core.StandardService.initInternal(StandardService.java:568)
	at org.apache.catalina.util.LifecycleBase.init(LifecycleBase.java:102)
	at org.apache.catalina.core.StandardServer.initInternal(StandardServer.java:869)
	at org.apache.catalina.util.LifecycleBase.init(LifecycleBase.java:102)
	at org.apache.catalina.startup.Catalina.load(Catalina.java:580)
	at org.apache.catalina.startup.Catalina.load(Catalina.java:603)
	at sun.reflect.NativeMethodAccessorImpl.invoke0(Native Method)
	at sun.reflect.NativeMethodAccessorImpl.invoke(NativeMethodAccessorImpl.java:62)
	at sun.reflect.DelegatingMethodAccessorImpl.invoke(DelegatingMethodAccessorImpl.java:43)
	at java.lang.reflect.Method.invoke(Method.java:497)
	at org.apache.catalina.startup.Bootstrap.load(Bootstrap.java:310)
	at org.apache.catalina.startup.Bootstrap.main(Bootstrap.java:484)
Caused by: org.apache.catalina.LifecycleException: Protocol handler initialization failed
	at org.apache.catalina.connector.Connector.initInternal(Connector.java:962)
	at org.apache.catalina.util.LifecycleBase.init(LifecycleBase.java:102)
	... 12 more
Caused by: java.net.BindException: Address already in use
	at sun.nio.ch.Net.bind0(Native Method)
	at sun.nio.ch.Net.bind(Net.java:433)
	at sun.nio.ch.Net.bind(Net.java:425)
	at sun.nio.ch.ServerSocketChannelImpl.bind(ServerSocketChannelImpl.java:223)
	at sun.nio.ch.ServerSocketAdaptor.bind(ServerSocketAdaptor.java:74)
	at org.apache.tomcat.util.net.NioEndpoint.bind(NioEndpoint.java:340)
	at org.apache.tomcat.util.net.AbstractEndpoint.init(AbstractEndpoint.java:750)
	at org.apache.coyote.AbstractProtocol.init(AbstractProtocol.java:458)
	at org.apache.catalina.connector.Connector.initInternal(Connector.java:960)
	... 13 more

03-May-2016 01:37:54.532 INFO [main] org.apache.catalina.startup.Catalina.load Initialization processed in 557 ms
03-May-2016 01:37:54.561 INFO [main] org.apache.catalina.core.StandardService.startInternal Starting service Catalina
03-May-2016 01:37:54.561 INFO [main] org.apache.catalina.core.StandardEngine.startInternal Starting Servlet Engine: Apache Tomcat/8.0.33
03-May-2016 01:37:54.794 INFO [main] org.apache.catalina.startup.Catalina.start Server startup in 262 ms
03-May-2016 01:37:54.796 SEVERE [main] org.apache.catalina.core.StandardServer.await StandardServer.await: create[localhost:8005]: 
 java.net.BindException: Address already in use
	at java.net.PlainSocketImpl.socketBind(Native Method)
	at java.net.AbstractPlainSocketImpl.bind(AbstractPlainSocketImpl.java:387)
	at java.net.ServerSocket.bind(ServerSocket.java:375)
	at java.net.ServerSocket.<init>(ServerSocket.java:237)
	at org.apache.catalina.core.StandardServer.await(StandardServer.java:438)
	at org.apache.catalina.startup.Catalina.await(Catalina.java:717)
	at org.apache.catalina.startup.Catalina.start(Catalina.java:663)
	at sun.reflect.NativeMethodAccessorImpl.invoke0(Native Method)
	at sun.reflect.NativeMethodAccessorImpl.invoke(NativeMethodAccessorImpl.java:62)
	at sun.reflect.DelegatingMethodAccessorImpl.invoke(DelegatingMethodAccessorImpl.java:43)
	at java.lang.reflect.Method.invoke(Method.java:497)
	at org.apache.catalina.startup.Bootstrap.start(Bootstrap.java:351)
	at org.apache.catalina.startup.Bootstrap.main(Bootstrap.java:485)

03-May-2016 01:37:54.797 INFO [main] org.apache.coyote.AbstractProtocol.pause Pausing ProtocolHandler ["http-nio-80"]
03-May-2016 01:37:54.797 INFO [main] org.apache.coyote.AbstractProtocol.pause Pausing ProtocolHandler ["ajp-nio-8009"]
03-May-2016 01:37:54.797 INFO [main] org.apache.catalina.core.StandardService.stopInternal Stopping service Catalina
03-May-2016 01:37:54.806 INFO [main] org.apache.coyote.AbstractProtocol.stop Stopping ProtocolHandler ["http-nio-80"]
03-May-2016 01:37:54.806 INFO [main] org.apache.coyote.AbstractProtocol.destroy Destroying ProtocolHandler ["http-nio-80"]
03-May-2016 01:37:54.806 INFO [main] org.apache.coyote.AbstractProtocol.stop Stopping ProtocolHandler ["ajp-nio-8009"]
03-May-2016 01:37:54.806 INFO [main] org.apache.coyote.AbstractProtocol.destroy Destroying ProtocolHandler ["ajp-nio-8009"]
03-May-2016 01:39:08.599 INFO [ContainerBackgroundProcessor[StandardEngine[Catalina]]] org.apache.catalina.core.StandardContext.reload Reloading Context with name [] has started
03-May-2016 01:39:08.623 INFO [ContainerBackgroundProcessor[StandardEngine[Catalina]]] org.apache.catalina.core.StandardContext.reload Reloading Context with name [] is completed
03-May-2016 01:39:18.624 INFO [ContainerBackgroundProcessor[StandardEngine[Catalina]]] org.apache.catalina.core.StandardContext.reload Reloading Context with name [] has started
03-May-2016 01:39:18.637 INFO [ContainerBackgroundProcessor[StandardEngine[Catalina]]] org.apache.catalina.core.StandardContext.reload Reloading Context with name [] is completed
03-May-2016 01:58:48.705 INFO [ContainerBackgroundProcessor[StandardEngine[Catalina]]] org.apache.catalina.core.StandardContext.reload Reloading Context with name [] has started
03-May-2016 01:58:48.725 INFO [ContainerBackgroundProcessor[StandardEngine[Catalina]]] org.apache.catalina.core.StandardContext.reload Reloading Context with name [] is completed
03-May-2016 02:10:38.773 INFO [ContainerBackgroundProcessor[StandardEngine[Catalina]]] org.apache.catalina.core.StandardContext.reload Reloading Context with name [] has started
03-May-2016 02:10:38.809 INFO [ContainerBackgroundProcessor[StandardEngine[Catalina]]] org.apache.catalina.core.StandardContext.reload Reloading Context with name [] is completed
03-May-2016 02:11:38.812 INFO [ContainerBackgroundProcessor[StandardEngine[Catalina]]] org.apache.catalina.core.StandardContext.reload Reloading Context with name [] has started
03-May-2016 02:11:38.849 INFO [ContainerBackgroundProcessor[StandardEngine[Catalina]]] org.apache.catalina.core.StandardContext.reload Reloading Context with name [] is completed
03-May-2016 02:15:58.863 INFO [ContainerBackgroundProcessor[StandardEngine[Catalina]]] org.apache.catalina.core.StandardContext.reload Reloading Context with name [] has started
03-May-2016 02:15:58.904 INFO [ContainerBackgroundProcessor[StandardEngine[Catalina]]] org.apache.catalina.core.StandardContext.reload Reloading Context with name [] is completed
03-May-2016 02:17:28.910 INFO [ContainerBackgroundProcessor[StandardEngine[Catalina]]] org.apache.catalina.core.StandardContext.reload Reloading Context with name [] has started
03-May-2016 02:17:28.927 INFO [ContainerBackgroundProcessor[StandardEngine[Catalina]]] org.apache.catalina.core.StandardContext.reload Reloading Context with name [] is completed
03-May-2016 02:17:38.928 INFO [ContainerBackgroundProcessor[StandardEngine[Catalina]]] org.apache.catalina.core.StandardContext.reload Reloading Context with name [] has started
03-May-2016 02:17:38.950 INFO [ContainerBackgroundProcessor[StandardEngine[Catalina]]] org.apache.catalina.core.StandardContext.reload Reloading Context with name [] is completed
03-May-2016 12:02:44.497 INFO [ContainerBackgroundProcessor[StandardEngine[Catalina]]] org.apache.catalina.core.StandardContext.reload Reloading Context with name [] has started
03-May-2016 12:02:44.514 INFO [ContainerBackgroundProcessor[StandardEngine[Catalina]]] org.apache.catalina.core.StandardContext.reload Reloading Context with name [] is completed
03-May-2016 12:02:58.141 INFO [main] org.apache.catalina.core.StandardServer.await A valid shutdown command was received via the shutdown port. Stopping the Server instance.
03-May-2016 12:02:58.141 INFO [main] org.apache.coyote.AbstractProtocol.pause Pausing ProtocolHandler ["http-nio-80"]
03-May-2016 12:02:58.194 INFO [main] org.apache.coyote.AbstractProtocol.pause Pausing ProtocolHandler ["ajp-nio-8009"]
03-May-2016 12:02:58.245 INFO [main] org.apache.catalina.core.StandardService.stopInternal Stopping service Catalina
03-May-2016 12:02:58.254 INFO [main] org.apache.coyote.AbstractProtocol.stop Stopping ProtocolHandler ["http-nio-80"]
03-May-2016 12:02:58.256 INFO [main] org.apache.coyote.AbstractProtocol.stop Stopping ProtocolHandler ["ajp-nio-8009"]
03-May-2016 12:02:58.257 INFO [main] org.apache.coyote.AbstractProtocol.destroy Destroying ProtocolHandler ["http-nio-80"]
03-May-2016 12:02:58.257 INFO [main] org.apache.coyote.AbstractProtocol.destroy Destroying ProtocolHandler ["ajp-nio-8009"]
03-May-2016 12:03:02.122 INFO [main] org.apache.catalina.startup.VersionLoggerListener.log Server version:        Apache Tomcat/8.0.33
03-May-2016 12:03:02.123 INFO [main] org.apache.catalina.startup.VersionLoggerListener.log Server built:          Mar 18 2016 20:31:49 UTC
03-May-2016 12:03:02.123 INFO [main] org.apache.catalina.startup.VersionLoggerListener.log Server number:         8.0.33.0
03-May-2016 12:03:02.123 INFO [main] org.apache.catalina.startup.VersionLoggerListener.log OS Name:               Linux
03-May-2016 12:03:02.123 INFO [main] org.apache.catalina.startup.VersionLoggerListener.log OS Version:            4.2.0-27-generic
03-May-2016 12:03:02.123 INFO [main] org.apache.catalina.startup.VersionLoggerListener.log Architecture:          amd64
03-May-2016 12:03:02.123 INFO [main] org.apache.catalina.startup.VersionLoggerListener.log Java Home:             /usr/local/java/jdk1.8.0_73/jre
03-May-2016 12:03:02.123 INFO [main] org.apache.catalina.startup.VersionLoggerListener.log JVM Version:           1.8.0_73-b02
03-May-2016 12:03:02.123 INFO [main] org.apache.catalina.startup.VersionLoggerListener.log JVM Vendor:            Oracle Corporation
03-May-2016 12:03:02.123 INFO [main] org.apache.catalina.startup.VersionLoggerListener.log CATALINA_BASE:         /home/alwaysqq/IdeaProjects/arc1/apache-tomcat-8.0.33
03-May-2016 12:03:02.123 INFO [main] org.apache.catalina.startup.VersionLoggerListener.log CATALINA_HOME:         /home/alwaysqq/IdeaProjects/arc1/apache-tomcat-8.0.33
03-May-2016 12:03:02.124 INFO [main] org.apache.catalina.startup.VersionLoggerListener.log Command line argument: -Djava.util.logging.config.file=/home/alwaysqq/IdeaProjects/arc1/apache-tomcat-8.0.33/conf/logging.properties
03-May-2016 12:03:02.124 INFO [main] org.apache.catalina.startup.VersionLoggerListener.log Command line argument: -Djava.util.logging.manager=org.apache.juli.ClassLoaderLogManager
03-May-2016 12:03:02.124 INFO [main] org.apache.catalina.startup.VersionLoggerListener.log Command line argument: -Djava.endorsed.dirs=/home/alwaysqq/IdeaProjects/arc1/apache-tomcat-8.0.33/endorsed
03-May-2016 12:03:02.124 INFO [main] org.apache.catalina.startup.VersionLoggerListener.log Command line argument: -Dcatalina.base=/home/alwaysqq/IdeaProjects/arc1/apache-tomcat-8.0.33
03-May-2016 12:03:02.124 INFO [main] org.apache.catalina.startup.VersionLoggerListener.log Command line argument: -Dcatalina.home=/home/alwaysqq/IdeaProjects/arc1/apache-tomcat-8.0.33
03-May-2016 12:03:02.124 INFO [main] org.apache.catalina.startup.VersionLoggerListener.log Command line argument: -Djava.io.tmpdir=/home/alwaysqq/IdeaProjects/arc1/apache-tomcat-8.0.33/temp
03-May-2016 12:03:02.124 INFO [main] org.apache.catalina.core.AprLifecycleListener.lifecycleEvent The APR based Apache Tomcat Native library which allows optimal performance in production environments was not found on the java.library.path: /usr/java/packages/lib/amd64:/usr/lib64:/lib64:/lib:/usr/lib
03-May-2016 12:03:02.231 INFO [main] org.apache.coyote.AbstractProtocol.init Initializing ProtocolHandler ["http-nio-80"]
03-May-2016 12:03:02.243 INFO [main] org.apache.tomcat.util.net.NioSelectorPool.getSharedSelector Using a shared selector for servlet write/read
03-May-2016 12:03:02.245 INFO [main] org.apache.coyote.AbstractProtocol.init Initializing ProtocolHandler ["ajp-nio-8009"]
03-May-2016 12:03:02.246 INFO [main] org.apache.tomcat.util.net.NioSelectorPool.getSharedSelector Using a shared selector for servlet write/read
03-May-2016 12:03:02.246 INFO [main] org.apache.catalina.startup.Catalina.load Initialization processed in 423 ms
03-May-2016 12:03:02.262 INFO [main] org.apache.catalina.core.StandardService.startInternal Starting service Catalina
03-May-2016 12:03:02.262 INFO [main] org.apache.catalina.core.StandardEngine.startInternal Starting Servlet Engine: Apache Tomcat/8.0.33
03-May-2016 12:03:02.498 INFO [main] org.apache.coyote.AbstractProtocol.start Starting ProtocolHandler ["http-nio-80"]
03-May-2016 12:03:02.502 INFO [main] org.apache.coyote.AbstractProtocol.start Starting ProtocolHandler ["ajp-nio-8009"]
03-May-2016 12:03:02.531 INFO [main] org.apache.catalina.startup.Catalina.start Server startup in 284 ms
03-May-2016 12:06:52.517 INFO [ContainerBackgroundProcessor[StandardEngine[Catalina]]] org.apache.catalina.core.StandardContext.reload Reloading Context with name [] has started
03-May-2016 12:06:52.542 INFO [ContainerBackgroundProcessor[StandardEngine[Catalina]]] org.apache.catalina.core.StandardContext.reload Reloading Context with name [] is completed
03-May-2016 12:07:22.544 INFO [ContainerBackgroundProcessor[StandardEngine[Catalina]]] org.apache.catalina.core.StandardContext.reload Reloading Context with name [] has started
03-May-2016 12:07:22.582 INFO [ContainerBackgroundProcessor[StandardEngine[Catalina]]] org.apache.catalina.core.StandardContext.reload Reloading Context with name [] is completed
03-May-2016 12:16:32.624 INFO [ContainerBackgroundProcessor[StandardEngine[Catalina]]] org.apache.catalina.core.StandardContext.reload Reloading Context with name [] has started
03-May-2016 12:16:32.650 INFO [ContainerBackgroundProcessor[StandardEngine[Catalina]]] org.apache.catalina.core.StandardContext.reload Reloading Context with name [] is completed
03-May-2016 12:22:42.675 INFO [ContainerBackgroundProcessor[StandardEngine[Catalina]]] org.apache.catalina.core.StandardContext.reload Reloading Context with name [] has started
03-May-2016 12:22:42.714 INFO [ContainerBackgroundProcessor[StandardEngine[Catalina]]] org.apache.catalina.core.StandardContext.reload Reloading Context with name [] is completed
03-May-2016 12:28:12.737 INFO [ContainerBackgroundProcessor[StandardEngine[Catalina]]] org.apache.catalina.core.StandardContext.reload Reloading Context with name [] has started
03-May-2016 12:28:12.779 INFO [ContainerBackgroundProcessor[StandardEngine[Catalina]]] org.apache.catalina.core.StandardContext.reload Reloading Context with name [] is completed
03-May-2016 12:32:22.798 INFO [ContainerBackgroundProcessor[StandardEngine[Catalina]]] org.apache.catalina.core.StandardContext.reload Reloading Context with name [] has started
03-May-2016 12:32:22.837 INFO [ContainerBackgroundProcessor[StandardEngine[Catalina]]] org.apache.catalina.core.StandardContext.reload Reloading Context with name [] is completed
03-May-2016 12:33:12.840 INFO [ContainerBackgroundProcessor[StandardEngine[Catalina]]] org.apache.catalina.core.StandardContext.reload Reloading Context with name [] has started
03-May-2016 12:33:12.857 INFO [ContainerBackgroundProcessor[StandardEngine[Catalina]]] org.apache.catalina.core.StandardContext.reload Reloading Context with name [] is completed
03-May-2016 12:34:42.863 INFO [ContainerBackgroundProcessor[StandardEngine[Catalina]]] org.apache.catalina.core.StandardContext.reload Reloading Context with name [] has started
03-May-2016 12:34:42.888 INFO [ContainerBackgroundProcessor[StandardEngine[Catalina]]] org.apache.catalina.core.StandardContext.reload Reloading Context with name [] is completed
03-May-2016 12:35:22.890 INFO [ContainerBackgroundProcessor[StandardEngine[Catalina]]] org.apache.catalina.core.StandardContext.reload Reloading Context with name [] has started
03-May-2016 12:35:22.905 INFO [ContainerBackgroundProcessor[StandardEngine[Catalina]]] org.apache.catalina.core.StandardContext.reload Reloading Context with name [] is completed
03-May-2016 12:35:32.906 INFO [ContainerBackgroundProcessor[StandardEngine[Catalina]]] org.apache.catalina.core.StandardContext.reload Reloading Context with name [] has started
03-May-2016 12:35:32.932 INFO [ContainerBackgroundProcessor[StandardEngine[Catalina]]] org.apache.catalina.core.StandardContext.reload Reloading Context with name [] is completed
03-May-2016 12:39:02.946 INFO [ContainerBackgroundProcessor[StandardEngine[Catalina]]] org.apache.catalina.core.StandardContext.reload Reloading Context with name [] has started
03-May-2016 12:39:02.966 INFO [ContainerBackgroundProcessor[StandardEngine[Catalina]]] org.apache.catalina.core.StandardContext.reload Reloading Context with name [] is completed
03-May-2016 12:39:32.968 INFO [ContainerBackgroundProcessor[StandardEngine[Catalina]]] org.apache.catalina.core.StandardContext.reload Reloading Context with name [] has started
03-May-2016 12:39:32.991 INFO [ContainerBackgroundProcessor[StandardEngine[Catalina]]] org.apache.catalina.core.StandardContext.reload Reloading Context with name [] is completed
03-May-2016 12:40:12.993 INFO [ContainerBackgroundProcessor[StandardEngine[Catalina]]] org.apache.catalina.core.StandardContext.reload Reloading Context with name [] has started
03-May-2016 12:40:13.021 INFO [ContainerBackgroundProcessor[StandardEngine[Catalina]]] org.apache.catalina.core.StandardContext.reload Reloading Context with name [] is completed
03-May-2016 12:42:50.521 INFO [main] org.apache.catalina.core.StandardServer.await A valid shutdown command was received via the shutdown port. Stopping the Server instance.
03-May-2016 12:42:50.521 INFO [main] org.apache.coyote.AbstractProtocol.pause Pausing ProtocolHandler ["http-nio-80"]
03-May-2016 12:42:50.573 INFO [main] org.apache.coyote.AbstractProtocol.pause Pausing ProtocolHandler ["ajp-nio-8009"]
03-May-2016 12:42:50.624 INFO [main] org.apache.catalina.core.StandardService.stopInternal Stopping service Catalina
03-May-2016 12:42:50.633 INFO [main] org.apache.coyote.AbstractProtocol.stop Stopping ProtocolHandler ["http-nio-80"]
03-May-2016 12:42:50.635 INFO [main] org.apache.coyote.AbstractProtocol.stop Stopping ProtocolHandler ["ajp-nio-8009"]
03-May-2016 12:42:50.635 INFO [main] org.apache.coyote.AbstractProtocol.destroy Destroying ProtocolHandler ["http-nio-80"]
03-May-2016 12:42:50.636 INFO [main] org.apache.coyote.AbstractProtocol.destroy Destroying ProtocolHandler ["ajp-nio-8009"]
03-May-2016 15:39:37.679 INFO [main] org.apache.catalina.startup.VersionLoggerListener.log Server version:        Apache Tomcat/8.0.33
03-May-2016 15:39:37.681 INFO [main] org.apache.catalina.startup.VersionLoggerListener.log Server built:          Mar 18 2016 20:31:49 UTC
03-May-2016 15:39:37.681 INFO [main] org.apache.catalina.startup.VersionLoggerListener.log Server number:         8.0.33.0
03-May-2016 15:39:37.681 INFO [main] org.apache.catalina.startup.VersionLoggerListener.log OS Name:               Linux
03-May-2016 15:39:37.681 INFO [main] org.apache.catalina.startup.VersionLoggerListener.log OS Version:            4.2.0-27-generic
03-May-2016 15:39:37.681 INFO [main] org.apache.catalina.startup.VersionLoggerListener.log Architecture:          amd64
03-May-2016 15:39:37.681 INFO [main] org.apache.catalina.startup.VersionLoggerListener.log Java Home:             /usr/local/java/jdk1.8.0_73/jre
03-May-2016 15:39:37.681 INFO [main] org.apache.catalina.startup.VersionLoggerListener.log JVM Version:           1.8.0_73-b02
03-May-2016 15:39:37.681 INFO [main] org.apache.catalina.startup.VersionLoggerListener.log JVM Vendor:            Oracle Corporation
03-May-2016 15:39:37.681 INFO [main] org.apache.catalina.startup.VersionLoggerListener.log CATALINA_BASE:         /home/alwaysqq/IdeaProjects/arc1/apache-tomcat-8.0.33
03-May-2016 15:39:37.681 INFO [main] org.apache.catalina.startup.VersionLoggerListener.log CATALINA_HOME:         /home/alwaysqq/IdeaProjects/arc1/apache-tomcat-8.0.33
03-May-2016 15:39:37.682 INFO [main] org.apache.catalina.startup.VersionLoggerListener.log Command line argument: -Djava.util.logging.config.file=/home/alwaysqq/IdeaProjects/arc1/apache-tomcat-8.0.33/conf/logging.properties
03-May-2016 15:39:37.682 INFO [main] org.apache.catalina.startup.VersionLoggerListener.log Command line argument: -Djava.util.logging.manager=org.apache.juli.ClassLoaderLogManager
03-May-2016 15:39:37.682 INFO [main] org.apache.catalina.startup.VersionLoggerListener.log Command line argument: -Djava.endorsed.dirs=/home/alwaysqq/IdeaProjects/arc1/apache-tomcat-8.0.33/endorsed
03-May-2016 15:39:37.682 INFO [main] org.apache.catalina.startup.VersionLoggerListener.log Command line argument: -Dcatalina.base=/home/alwaysqq/IdeaProjects/arc1/apache-tomcat-8.0.33
03-May-2016 15:39:37.682 INFO [main] org.apache.catalina.startup.VersionLoggerListener.log Command line argument: -Dcatalina.home=/home/alwaysqq/IdeaProjects/arc1/apache-tomcat-8.0.33
03-May-2016 15:39:37.682 INFO [main] org.apache.catalina.startup.VersionLoggerListener.log Command line argument: -Djava.io.tmpdir=/home/alwaysqq/IdeaProjects/arc1/apache-tomcat-8.0.33/temp
03-May-2016 15:39:37.682 INFO [main] org.apache.catalina.core.AprLifecycleListener.lifecycleEvent The APR based Apache Tomcat Native library which allows optimal performance in production environments was not found on the java.library.path: /usr/java/packages/lib/amd64:/usr/lib64:/lib64:/lib:/usr/lib
03-May-2016 15:39:37.822 INFO [main] org.apache.coyote.AbstractProtocol.init Initializing ProtocolHandler ["http-nio-80"]
03-May-2016 15:39:37.836 INFO [main] org.apache.tomcat.util.net.NioSelectorPool.getSharedSelector Using a shared selector for servlet write/read
03-May-2016 15:39:37.839 INFO [main] org.apache.coyote.AbstractProtocol.init Initializing ProtocolHandler ["ajp-nio-8009"]
03-May-2016 15:39:37.841 INFO [main] org.apache.tomcat.util.net.NioSelectorPool.getSharedSelector Using a shared selector for servlet write/read
03-May-2016 15:39:37.842 INFO [main] org.apache.catalina.startup.Catalina.load Initialization processed in 564 ms
03-May-2016 15:39:37.860 INFO [main] org.apache.catalina.core.StandardService.startInternal Starting service Catalina
03-May-2016 15:39:37.860 INFO [main] org.apache.catalina.core.StandardEngine.startInternal Starting Servlet Engine: Apache Tomcat/8.0.33
03-May-2016 15:39:38.135 INFO [main] org.apache.coyote.AbstractProtocol.start Starting ProtocolHandler ["http-nio-80"]
03-May-2016 15:39:38.142 INFO [main] org.apache.coyote.AbstractProtocol.start Starting ProtocolHandler ["ajp-nio-8009"]
03-May-2016 15:39:38.155 INFO [main] org.apache.catalina.startup.Catalina.start Server startup in 312 ms
03-May-2016 15:41:18.142 INFO [ContainerBackgroundProcessor[StandardEngine[Catalina]]] org.apache.catalina.core.StandardContext.reload Reloading Context with name [] has started
03-May-2016 15:41:18.185 INFO [ContainerBackgroundProcessor[StandardEngine[Catalina]]] org.apache.catalina.core.StandardContext.reload Reloading Context with name [] is completed
03-May-2016 15:41:48.187 INFO [ContainerBackgroundProcessor[StandardEngine[Catalina]]] org.apache.catalina.core.StandardContext.reload Reloading Context with name [] has started
03-May-2016 15:41:48.208 INFO [ContainerBackgroundProcessor[StandardEngine[Catalina]]] org.apache.catalina.core.StandardContext.reload Reloading Context with name [] is completed
03-May-2016 15:44:18.217 INFO [ContainerBackgroundProcessor[StandardEngine[Catalina]]] org.apache.catalina.core.StandardContext.reload Reloading Context with name [] has started
03-May-2016 15:44:18.237 INFO [ContainerBackgroundProcessor[StandardEngine[Catalina]]] org.apache.catalina.core.StandardContext.reload Reloading Context with name [] is completed
03-May-2016 16:27:58.373 INFO [ContainerBackgroundProcessor[StandardEngine[Catalina]]] org.apache.catalina.core.StandardContext.reload Reloading Context with name [] has started
03-May-2016 16:27:58.403 INFO [ContainerBackgroundProcessor[StandardEngine[Catalina]]] org.apache.catalina.core.StandardContext.reload Reloading Context with name [] is completed
03-May-2016 16:29:48.409 INFO [ContainerBackgroundProcessor[StandardEngine[Catalina]]] org.apache.catalina.core.StandardContext.reload Reloading Context with name [] has started
03-May-2016 16:29:48.426 INFO [ContainerBackgroundProcessor[StandardEngine[Catalina]]] org.apache.catalina.core.StandardContext.reload Reloading Context with name [] is completed
03-May-2016 16:31:38.432 INFO [ContainerBackgroundProcessor[StandardEngine[Catalina]]] org.apache.catalina.core.StandardContext.reload Reloading Context with name [] has started
03-May-2016 16:31:38.452 INFO [ContainerBackgroundProcessor[StandardEngine[Catalina]]] org.apache.catalina.core.StandardContext.reload Reloading Context with name [] is completed
03-May-2016 18:00:18.670 INFO [ContainerBackgroundProcessor[StandardEngine[Catalina]]] org.apache.catalina.core.StandardContext.reload Reloading Context with name [] has started
03-May-2016 18:00:18.696 INFO [ContainerBackgroundProcessor[StandardEngine[Catalina]]] org.apache.catalina.core.StandardContext.reload Reloading Context with name [] is completed
